                   BEAST v1.X, 2002-2102
       Bayesian Evolutionary Analysis Sampling Trees
                 Designed and developed by
   Alexei J. Drummond, Andrew Rambaut and Marc A. Suchard
                              
               Department of Computer Science
                   University of Auckland
                  alexei@cs.auckland.ac.nz
                              
             Institute of Evolutionary Biology
                  University of Edinburgh
                     a.rambaut@ed.ac.uk
                              
              David Geffen School of Medicine
           University of California, Los Angeles
                     msuchard@ucla.edu
                              
                Downloads, Help & Resources:
                 	http://beast.bio.ed.ac.uk
                              
Source code distributed under the GNU Lesser General Public License:
          	http://github.com/beast-dev/beast-mcmc
                              
                     BEAST developers:
	Alex Alekseyenko, Guy Baele, Trevor Bedford, Filip Bielejec, Erik Bloomquist, Matthew Hall,
	Joseph Heled, Sebastian Hoehna, Denise Kuehnert, Philippe Lemey, Wai Lok Sibon Li,
	Gerton Lunter, Sidney Markowitz, Vladimir Minin, Michael Defoin Platel,
          	Oliver Pybus, Chieh-Hsi Wu, Walter Xie
                              
                         Thanks to:
    	Roald Forsberg, Beth Shapiro and Korbinian Strimmer

Using BEAGLE library v3.0.0 for accelerated, parallel likelihood evaluation
2009-2016, BEAGLE Working Group - https://beagle-dev.github.io/
Citation: Ayres et al (2012) Systematic Biology 61: 170-173 | doi:10.1093/sysbio/syr100


Random number seed: 1500828054875


Parsing XML file: apes.xml
  File encoding: UTF8
Looking for plugins in /Users/rambaut/Projects/BEAST/plugins

Read alignment: alignment
  Sequences = 6
      Sites = 768
   Datatype = nucleotide
Site patterns 'patterns' created from positions 1-768 of alignment 'alignment'
  unique pattern count = 69

Using Yule prior on tree

Creating the tree model, 'treeModel'
  initial tree topology = ((((bonobo,human),orangutan),gorilla),(chimp,siamang))
  tree height = 102.55912280908296

Using strict molecular clock model.

Creating state frequencies model 'frequencies': Initial frequencies = {0.25, 0.25, 0.25, 0.25}

Creating HKY substitution model. Initial kappa = 2.0

Creating site rate model: 
  with initial relative rate = 1.0

Using Multi-Partition Data Likelihood Delegate with BEAGLE 3 extensions
  Using BEAGLE resource 0: CPU
    with instance flags:  PRECISION_DOUBLE COMPUTATION_SYNCH EIGEN_REAL SCALING_MANUAL SCALERS_RAW VECTOR_SSE THREADING_NONE PROCESSOR_CPU FRAMEWORK_CPU
  Ignoring ambiguities in tree likelihood.
  With 1 partitions comprising 69 unique site patterns
  Using rescaling scheme : dynamic (rescaling every 100 evaluations, delay rescaling until first overflow)

Using TreeDataLikelihood
Optimization Schedule: default

Likelihood computation is using an auto sizing thread pool.

Creating the MCMC chain:
  chainLength=1000000
  autoOptimize=true
  autoOptimize delayed for 10000 steps

Citations for this analysis: 

FRAMEWORK
BEAST primary citation:
	Drummond AJ, Suchard MA, Xie Dong, Rambaut A (2012) Bayesian phylogenetics with BEAUti and the BEAST 1.7. Mol Biol Evol. 29, 1969-1973. DOI:10.1093/molbev/mss075

TREE DENSITY MODELS
Gernhard 2008 Birth Death Tree Model:
	Gernhard T (2008) The conditioned reconstructed process. Journal of Theoretical Biology. 253, 769-778. DOI:10.1016/j.jtbi.2008.04.005

SUBSTITUTION MODELS
HKY nucleotide substitution model:
	Hasegawa M, Kishino H, Yano T (1985) Dating the human-ape splitting by a molecular clock of mitochondrial DNA. J. Mol. Evol.. 22, 160-174
Discrete gamma-distributed rate heterogeneity model:
	Yang Z (1994) Maximum likelihood phylogenetic estimation from DNA sequences with variable rates over sites: approximate methods. J. Mol. Evol.. 39, 306-314


# BEAST v1.X
# Generated Sun Jul 23 17:42:37 BST 2017 [seed=1500828054875]
state	Posterior   	Prior       	Likelihood  	rootAge     
0	-6812.7534  	-481.7973   	-6330.9561  	102.559     	-
1000	-2910.2955  	-246.4611   	-2663.8344  	13.7383     	-
2000	-2082.7664  	-234.0125   	-1848.7539  	0.12112     	-
3000	-2049.3031  	-230.0213   	-1819.2818  	5.84813E-2  	-
4000	-2043.1005  	-226.3604   	-1816.7401  	6.21508E-2  	-
5000	-2042.1593  	-226.1915   	-1815.9678  	5.79924E-2  	-
6000	-2043.8698  	-227.1313   	-1816.7386  	5.92436E-2  	-
7000	-2046.7163  	-227.1042   	-1819.6121  	7.27644E-2  	-
8000	-2042.5191  	-224.9122   	-1817.6068  	5.41809E-2  	-
9000	-2052.7439  	-227.3552   	-1825.3887  	5.44527E-2  	-
10000	-2048.4555  	-225.8967   	-1822.5589  	5.22713E-2  	-
11000	-2044.0539  	-225.9880   	-1818.0659  	6.3153E-2   	16.39 hours/billion states
12000	-2047.3424  	-225.1981   	-1822.1443  	5.45295E-2  	20.97 hours/billion states
13000	-2042.0078  	-225.6252   	-1816.3826  	6.28776E-2  	19.81 hours/billion states
14000	-2042.0277  	-226.7859   	-1815.2419  	6.40962E-2  	18.47 hours/billion states
15000	-2039.7891  	-225.7804   	-1814.0087  	5.9311E-2   	20.17 hours/billion states
16000	-2044.8397  	-228.5669   	-1816.2728  	7.46346E-2  	22.13 hours/billion states
17000	-2042.1590  	-226.4013   	-1815.7578  	6.02313E-2  	22.7 hours/billion states
18000	-2043.0662  	-225.9153   	-1817.1510  	5.2751E-2   	22.53 hours/billion states
19000	-2038.7076  	-225.3889   	-1813.3187  	6.22934E-2  	24.38 hours/billion states
20000	-2041.2788  	-226.2564   	-1815.0224  	6.16825E-2  	28.75 hours/billion states
21000	-2043.7841  	-226.8564   	-1816.9277  	5.39813E-2  	32.78 hours/billion states
22000	-2041.5075  	-225.1375   	-1816.3700  	5.35946E-2  	31.44 hours/billion states
23000	-2040.9758  	-225.9781   	-1814.9978  	5.32933E-2  	35.02 hours/billion states
24000	-2041.9101  	-225.6061   	-1816.3040  	6.3079E-2   	38.51 hours/billion states
25000	-2041.8982  	-225.1825   	-1816.7157  	5.47757E-2  	41.43 hours/billion states
26000	-2042.7025  	-226.9337   	-1815.7688  	6.10664E-2  	43.06 hours/billion states
27000	-2042.2992  	-227.4343   	-1814.8649  	6.81438E-2  	44.85 hours/billion states
28000	-2041.6762  	-226.6145   	-1815.0618  	6.67956E-2  	45.03 hours/billion states
29000	-2045.8044  	-226.1868   	-1819.6176  	5.99087E-2  	45.32 hours/billion states
30000	-2041.5618  	-225.9023   	-1815.6595  	5.36866E-2  	46.12 hours/billion states
31000	-2042.2537  	-226.1357   	-1816.1180  	6.55528E-2  	46.35 hours/billion states
32000	-2044.2730  	-227.4192   	-1816.8538  	6.52795E-2  	46.99 hours/billion states
33000	-2039.8641  	-226.1618   	-1813.7024  	6.26624E-2  	47.05 hours/billion states
34000	-2042.8011  	-228.2146   	-1814.5865  	6.35847E-2  	46.75 hours/billion states
35000	-2043.8466  	-226.8093   	-1817.0374  	6.90197E-2  	45.77 hours/billion states
36000	-2043.6117  	-228.7425   	-1814.8692  	6.54347E-2  	46.68 hours/billion states
37000	-2040.5064  	-225.6089   	-1814.8975  	6.43491E-2  	48.55 hours/billion states
38000	-2041.2307  	-226.1365   	-1815.0941  	5.81942E-2  	47.91 hours/billion states
39000	-2046.2492  	-226.9734   	-1819.2758  	6.89365E-2  	47.34 hours/billion states
40000	-2041.0956  	-225.7646   	-1815.3310  	6.46017E-2  	47.17 hours/billion states
41000	-2046.2927  	-226.3143   	-1819.9784  	5.88512E-2  	46.91 hours/billion states
42000	-2043.4325  	-225.4250   	-1818.0075  	5.73446E-2  	46.67 hours/billion states
43000	-2041.0822  	-225.0833   	-1815.9989  	5.75738E-2  	47.13 hours/billion states
44000	-2040.4057  	-225.8356   	-1814.5702  	5.97173E-2  	46.67 hours/billion states
45000	-2043.1802  	-227.0229   	-1816.1573  	6.27225E-2  	46.25 hours/billion states
46000	-2041.3244  	-224.9497   	-1816.3747  	5.751E-2    	46.09 hours/billion states
47000	-2045.3477  	-228.1094   	-1817.2383  	6.34622E-2  	45.83 hours/billion states
48000	-2043.9261  	-226.7196   	-1817.2065  	6.51433E-2  	45.55 hours/billion states
49000	-2041.9881  	-226.7886   	-1815.1996  	6.5658E-2   	45.28 hours/billion states
50000	-2045.9192  	-227.3253   	-1818.5939  	5.63818E-2  	45.37 hours/billion states
51000	-2044.0158  	-227.0918   	-1816.9240  	7.0604E-2   	45.12 hours/billion states
52000	-2043.8002  	-227.1679   	-1816.6323  	6.6529E-2   	44.62 hours/billion states
53000	-2043.5139  	-225.4964   	-1818.0175  	5.15661E-2  	44.04 hours/billion states
54000	-2043.3595  	-226.9374   	-1816.4221  	6.1206E-2   	43.88 hours/billion states
55000	-2043.6548  	-226.2992   	-1817.3556  	5.71937E-2  	43.77 hours/billion states
56000	-2040.9109  	-226.2160   	-1814.6948  	6.24285E-2  	43.39 hours/billion states
57000	-2042.1789  	-227.8306   	-1814.3483  	5.92468E-2  	42.85 hours/billion states
58000	-2043.7436  	-225.5573   	-1818.1863  	6.31357E-2  	42.22 hours/billion states
59000	-2041.2182  	-225.8451   	-1815.3731  	5.83978E-2  	41.67 hours/billion states
60000	-2042.1168  	-226.9754   	-1815.1414  	6.73411E-2  	41.33 hours/billion states
61000	-2046.5453  	-227.2396   	-1819.3058  	7.44437E-2  	41.06 hours/billion states
62000	-2042.6255  	-227.0084   	-1815.6171  	5.9295E-2   	40.65 hours/billion states
63000	-2041.9457  	-226.0668   	-1815.8789  	6.36443E-2  	40.12 hours/billion states
64000	-2044.3595  	-227.4946   	-1816.8649  	6.49301E-2  	39.59 hours/billion states
65000	-2040.6253  	-225.6901   	-1814.9352  	6.63833E-2  	39.03 hours/billion states
66000	-2042.1411  	-224.7417   	-1817.3994  	5.23651E-2  	38.5 hours/billion states
67000	-2041.8495  	-226.0515   	-1815.7980  	7.19412E-2  	38.09 hours/billion states
68000	-2044.0031  	-226.2039   	-1817.7991  	6.15993E-2  	37.78 hours/billion states
69000	-2042.6362  	-225.4087   	-1817.2275  	5.11008E-2  	37.7 hours/billion states
70000	-2041.1468  	-225.9845   	-1815.1623  	7.16812E-2  	37.31 hours/billion states
71000	-2039.8101  	-226.2992   	-1813.5109  	5.902E-2    	36.87 hours/billion states
72000	-2041.9297  	-225.7998   	-1816.1299  	5.45618E-2  	36.54 hours/billion states
73000	-2042.4569  	-226.5647   	-1815.8922  	5.49811E-2  	36.16 hours/billion states
74000	-2041.5695  	-227.1962   	-1814.3733  	6.18069E-2  	35.99 hours/billion states
75000	-2041.8250  	-227.8236   	-1814.0015  	5.81588E-2  	35.72 hours/billion states
76000	-2045.3487  	-227.4409   	-1817.9078  	6.69338E-2  	35.53 hours/billion states
77000	-2043.5370  	-227.3340   	-1816.2030  	7.15445E-2  	35.17 hours/billion states
78000	-2042.1856  	-226.8594   	-1815.3262  	6.97916E-2  	34.82 hours/billion states
79000	-2050.4605  	-229.3313   	-1821.1292  	7.83554E-2  	34.5 hours/billion states
80000	-2043.4826  	-226.2275   	-1817.2551  	5.5174E-2   	34.21 hours/billion states
81000	-2042.5324  	-226.8970   	-1815.6355  	6.48611E-2  	33.87 hours/billion states
82000	-2042.1755  	-224.7041   	-1817.4714  	5.40299E-2  	33.54 hours/billion states
83000	-2046.9599  	-227.1030   	-1819.8569  	8.84666E-2  	33.25 hours/billion states
84000	-2043.4569  	-226.5207   	-1816.9362  	5.87416E-2  	32.97 hours/billion states
85000	-2049.3068  	-228.2229   	-1821.0839  	6.36704E-2  	32.74 hours/billion states
86000	-2044.2814  	-226.0252   	-1818.2563  	5.95474E-2  	32.55 hours/billion states
87000	-2042.0990  	-226.5535   	-1815.5456  	6.32778E-2  	32.27 hours/billion states
88000	-2042.0216  	-226.4746   	-1815.5470  	5.83236E-2  	32.1 hours/billion states
89000	-2039.9682  	-226.9296   	-1813.0386  	6.53266E-2  	31.9 hours/billion states
90000	-2042.3127  	-227.0538   	-1815.2589  	7.15844E-2  	31.65 hours/billion states
91000	-2039.3447  	-224.9891   	-1814.3556  	6.39049E-2  	31.4 hours/billion states
92000	-2042.2047  	-225.9058   	-1816.2989  	5.72547E-2  	31.22 hours/billion states
93000	-2044.4502  	-226.1069   	-1818.3434  	5.88569E-2  	31.06 hours/billion states
94000	-2042.8844  	-226.2585   	-1816.6259  	6.70875E-2  	30.83 hours/billion states
95000	-2043.0662  	-226.7408   	-1816.3253  	6.14908E-2  	30.68 hours/billion states
96000	-2047.4906  	-228.7966   	-1818.6940  	5.41493E-2  	30.56 hours/billion states
97000	-2046.4651  	-227.6808   	-1818.7843  	6.89739E-2  	30.4 hours/billion states
98000	-2049.8882  	-227.8776   	-1822.0106  	7.20731E-2  	30.18 hours/billion states
99000	-2042.2423  	-225.9136   	-1816.3287  	6.21616E-2  	29.98 hours/billion states
100000	-2042.3830  	-225.6841   	-1816.6989  	5.66147E-2  	29.85 hours/billion states
101000	-2043.4247  	-227.5968   	-1815.8279  	5.52362E-2  	29.69 hours/billion states
102000	-2042.4285  	-226.3639   	-1816.0647  	7.65917E-2  	29.57 hours/billion states
103000	-2045.0147  	-225.9388   	-1819.0759  	6.96675E-2  	29.64 hours/billion states
104000	-2043.3024  	-227.1431   	-1816.1592  	6.92583E-2  	29.47 hours/billion states
105000	-2047.9459  	-231.5255   	-1816.4205  	6.81623E-2  	29.3 hours/billion states
106000	-2042.4076  	-226.2231   	-1816.1845  	5.31543E-2  	29.13 hours/billion states
107000	-2042.6395  	-227.9577   	-1814.6818  	5.69644E-2  	28.96 hours/billion states
108000	-2042.2972  	-226.7083   	-1815.5889  	5.41269E-2  	28.84 hours/billion states
109000	-2043.8264  	-224.8921   	-1818.9342  	4.64215E-2  	28.72 hours/billion states
110000	-2041.4927  	-227.2210   	-1814.2717  	6.15202E-2  	28.59 hours/billion states
111000	-2039.1502  	-225.2258   	-1813.9244  	6.50253E-2  	28.44 hours/billion states
112000	-2040.0820  	-226.7206   	-1813.3615  	5.63653E-2  	28.37 hours/billion states
113000	-2044.7301  	-226.9463   	-1817.7837  	6.05973E-2  	28.35 hours/billion states
114000	-2043.5597  	-226.6170   	-1816.9427  	7.12293E-2  	28.23 hours/billion states
115000	-2043.8641  	-225.9927   	-1817.8714  	6.11465E-2  	28.06 hours/billion states
116000	-2042.4785  	-226.8684   	-1815.6101  	6.39029E-2  	27.95 hours/billion states
117000	-2046.0467  	-227.2598   	-1818.7870  	6.1316E-2   	27.83 hours/billion states
118000	-2044.7798  	-226.4159   	-1818.3639  	6.0413E-2   	27.69 hours/billion states
119000	-2041.1627  	-225.9121   	-1815.2506  	6.41015E-2  	27.53 hours/billion states
120000	-2041.5447  	-226.3181   	-1815.2265  	5.61846E-2  	27.36 hours/billion states
121000	-2042.9705  	-226.4910   	-1816.4796  	5.34694E-2  	27.23 hours/billion states
122000	-2041.5126  	-226.3676   	-1815.1450  	5.79772E-2  	27.13 hours/billion states
123000	-2042.2025  	-227.3119   	-1814.8905  	6.77135E-2  	27.05 hours/billion states
124000	-2040.5615  	-225.0752   	-1815.4863  	5.87915E-2  	26.92 hours/billion states
125000	-2040.9906  	-225.1738   	-1815.8168  	5.63003E-2  	26.79 hours/billion states
126000	-2045.3875  	-226.2931   	-1819.0944  	5.77626E-2  	26.67 hours/billion states
127000	-2041.6808  	-227.9999   	-1813.6810  	5.78638E-2  	26.59 hours/billion states
128000	-2047.7867  	-226.6073   	-1821.1795  	6.09894E-2  	26.49 hours/billion states
129000	-2042.5976  	-226.4686   	-1816.1290  	6.04398E-2  	26.37 hours/billion states
130000	-2042.1350  	-225.0526   	-1817.0824  	6.47233E-2  	26.31 hours/billion states
131000	-2042.5387  	-227.1798   	-1815.3589  	5.83602E-2  	26.27 hours/billion states
132000	-2042.6356  	-226.3424   	-1816.2932  	5.71656E-2  	26.12 hours/billion states
133000	-2043.1976  	-225.2787   	-1817.9189  	5.29103E-2  	26.01 hours/billion states
134000	-2043.7875  	-225.9575   	-1817.8300  	6.926E-2    	25.95 hours/billion states
135000	-2044.1646  	-227.3687   	-1816.7959  	6.51383E-2  	25.86 hours/billion states
136000	-2041.7904  	-225.4705   	-1816.3200  	5.96995E-2  	25.75 hours/billion states
137000	-2045.2774  	-225.8914   	-1819.3860  	5.57738E-2  	25.63 hours/billion states
138000	-2041.5779  	-227.0665   	-1814.5114  	7.11088E-2  	25.63 hours/billion states
139000	-2041.4552  	-226.0002   	-1815.4550  	7.19733E-2  	25.55 hours/billion states
140000	-2042.1615  	-225.5356   	-1816.6259  	5.1685E-2   	25.45 hours/billion states
141000	-2042.6864  	-226.1626   	-1816.5238  	7.49609E-2  	25.32 hours/billion states
142000	-2040.9432  	-225.5810   	-1815.3623  	5.91153E-2  	25.25 hours/billion states
143000	-2043.1104  	-226.6360   	-1816.4744  	7.26682E-2  	25.13 hours/billion states
144000	-2043.0469  	-225.7732   	-1817.2738  	5.82039E-2  	25.03 hours/billion states
145000	-2041.3924  	-226.0456   	-1815.3467  	5.58847E-2  	24.93 hours/billion states
146000	-2047.3137  	-225.7907   	-1821.5229  	4.57154E-2  	24.82 hours/billion states
147000	-2042.9896  	-228.2412   	-1814.7484  	6.64262E-2  	24.79 hours/billion states
148000	-2042.4094  	-226.8278   	-1815.5816  	6.39823E-2  	24.73 hours/billion states
149000	-2042.4770  	-226.5036   	-1815.9734  	6.25178E-2  	24.63 hours/billion states
150000	-2043.4447  	-227.1379   	-1816.3068  	5.74845E-2  	24.52 hours/billion states
151000	-2046.0857  	-224.9012   	-1821.1845  	5.17115E-2  	24.53 hours/billion states
152000	-2041.1703  	-225.8062   	-1815.3641  	6.62402E-2  	24.47 hours/billion states
153000	-2041.1790  	-227.6023   	-1813.5767  	6.80889E-2  	24.37 hours/billion states
154000	-2043.2884  	-227.4228   	-1815.8656  	6.35575E-2  	24.27 hours/billion states
155000	-2040.4060  	-225.6439   	-1814.7621  	5.96431E-2  	24.22 hours/billion states
156000	-2040.4760  	-226.0769   	-1814.3990  	5.76132E-2  	24.14 hours/billion states
157000	-2045.3839  	-226.9990   	-1818.3849  	5.99421E-2  	24.03 hours/billion states
158000	-2041.7890  	-226.2632   	-1815.5258  	5.44949E-2  	23.94 hours/billion states
159000	-2043.4740  	-226.9993   	-1816.4746  	6.73691E-2  	23.85 hours/billion states
160000	-2041.8361  	-227.0233   	-1814.8128  	6.26311E-2  	23.79 hours/billion states
161000	-2043.6428  	-224.9191   	-1818.7237  	5.55733E-2  	23.77 hours/billion states
162000	-2044.6777  	-227.6177   	-1817.0600  	7.15067E-2  	23.71 hours/billion states
163000	-2050.1322  	-227.0932   	-1823.0390  	6.74731E-2  	23.62 hours/billion states
164000	-2050.9887  	-225.3876   	-1825.6011  	6.21295E-2  	23.57 hours/billion states
165000	-2042.3352  	-225.7307   	-1816.6045  	5.9412E-2   	23.52 hours/billion states
166000	-2043.3168  	-226.0616   	-1817.2552  	5.99595E-2  	23.44 hours/billion states
167000	-2047.0863  	-225.7154   	-1821.3708  	6.4425E-2   	23.36 hours/billion states
168000	-2045.1129  	-225.7534   	-1819.3595  	6.03556E-2  	23.28 hours/billion states
169000	-2042.6301  	-226.0537   	-1816.5763  	7.64087E-2  	23.19 hours/billion states
170000	-2047.1644  	-225.7341   	-1821.4303  	5.61499E-2  	23.16 hours/billion states
171000	-2041.4222  	-225.6502   	-1815.7719  	5.43233E-2  	23.16 hours/billion states
172000	-2043.5295  	-225.4958   	-1818.0337  	6.4199E-2   	23.05 hours/billion states
173000	-2044.7351  	-226.6957   	-1818.0394  	6.48724E-2  	22.95 hours/billion states
174000	-2041.1962  	-225.4114   	-1815.7848  	6.40192E-2  	22.87 hours/billion states
175000	-2042.2298  	-226.0858   	-1816.1439  	5.79143E-2  	22.8 hours/billion states
176000	-2044.1880  	-226.8273   	-1817.3607  	6.86019E-2  	22.71 hours/billion states
177000	-2048.1251  	-226.8951   	-1821.2299  	6.82394E-2  	22.61 hours/billion states
178000	-2045.7834  	-226.1739   	-1819.6095  	5.46699E-2  	22.5 hours/billion states
179000	-2045.2147  	-227.6518   	-1817.5630  	6.57834E-2  	22.41 hours/billion states
180000	-2046.1911  	-225.9996   	-1820.1915  	7.50906E-2  	22.31 hours/billion states
181000	-2041.8778  	-226.1453   	-1815.7325  	5.8229E-2   	22.22 hours/billion states
182000	-2042.3179  	-226.5673   	-1815.7505  	6.17092E-2  	22.17 hours/billion states
183000	-2039.9509  	-226.7924   	-1813.1585  	6.13169E-2  	22.09 hours/billion states
184000	-2041.7781  	-225.4167   	-1816.3614  	5.54779E-2  	22.03 hours/billion states
185000	-2046.6566  	-226.8230   	-1819.8336  	5.67212E-2  	21.94 hours/billion states
186000	-2041.7556  	-226.3318   	-1815.4239  	5.98302E-2  	21.87 hours/billion states
187000	-2045.9746  	-227.4705   	-1818.5042  	6.9915E-2   	21.78 hours/billion states
188000	-2042.0614  	-225.7239   	-1816.3375  	5.66799E-2  	21.71 hours/billion states
189000	-2047.4159  	-227.7208   	-1819.6950  	5.74215E-2  	21.69 hours/billion states
190000	-2045.0533  	-227.2735   	-1817.7798  	6.7523E-2   	21.6 hours/billion states
191000	-2044.8299  	-227.0489   	-1817.7810  	6.13896E-2  	21.55 hours/billion states
192000	-2045.1213  	-225.8234   	-1819.2979  	6.11866E-2  	21.48 hours/billion states
193000	-2050.6985  	-231.6855   	-1819.0130  	6.51796E-2  	21.4 hours/billion states
194000	-2041.7045  	-226.0933   	-1815.6112  	5.4242E-2   	21.31 hours/billion states
195000	-2049.1105  	-229.3333   	-1819.7773  	5.92203E-2  	21.23 hours/billion states
196000	-2047.5886  	-225.0234   	-1822.5652  	5.19554E-2  	21.17 hours/billion states
197000	-2050.3464  	-226.7196   	-1823.6268  	6.59999E-2  	21.1 hours/billion states
198000	-2040.8415  	-225.4074   	-1815.4341  	5.74436E-2  	21.03 hours/billion states
199000	-2041.8887  	-225.4800   	-1816.4087  	5.8065E-2   	20.96 hours/billion states
200000	-2038.8400  	-226.0061   	-1812.8339  	5.88161E-2  	20.89 hours/billion states
201000	-2041.2659  	-227.0598   	-1814.2061  	6.73711E-2  	20.81 hours/billion states
202000	-2043.8578  	-228.7208   	-1815.1370  	6.73199E-2  	20.74 hours/billion states
203000	-2041.2673  	-227.6156   	-1813.6517  	6.27444E-2  	20.68 hours/billion states
204000	-2041.3544  	-226.6247   	-1814.7297  	6.39769E-2  	20.64 hours/billion states
205000	-2042.0199  	-225.3288   	-1816.6911  	6.52092E-2  	20.58 hours/billion states
206000	-2050.0700  	-227.4026   	-1822.6673  	5.67492E-2  	20.53 hours/billion states
207000	-2048.2378  	-227.4471   	-1820.7907  	5.74916E-2  	20.47 hours/billion states
208000	-2045.0100  	-225.6072   	-1819.4028  	5.96664E-2  	20.39 hours/billion states
209000	-2044.5527  	-226.7641   	-1817.7887  	5.45185E-2  	20.32 hours/billion states
210000	-2044.2043  	-225.4675   	-1818.7368  	5.07359E-2  	20.28 hours/billion states
211000	-2045.5890  	-227.1129   	-1818.4761  	6.14798E-2  	20.23 hours/billion states
212000	-2041.3183  	-226.0401   	-1815.2782  	5.84561E-2  	20.17 hours/billion states
213000	-2042.4342  	-227.5880   	-1814.8462  	6.21964E-2  	20.1 hours/billion states
214000	-2042.1669  	-226.0142   	-1816.1527  	6.52623E-2  	20.04 hours/billion states
215000	-2048.9997  	-226.4275   	-1822.5721  	7.61855E-2  	19.96 hours/billion states
216000	-2040.6998  	-226.0909   	-1814.6089  	6.23591E-2  	19.9 hours/billion states
217000	-2043.0299  	-226.9585   	-1816.0714  	6.72757E-2  	19.83 hours/billion states
218000	-2043.4072  	-228.2084   	-1815.1988  	6.23898E-2  	19.8 hours/billion states
219000	-2041.6784  	-225.5780   	-1816.1004  	5.88883E-2  	19.75 hours/billion states
220000	-2040.9189  	-225.6515   	-1815.2674  	6.19887E-2  	19.69 hours/billion states
221000	-2042.7198  	-225.2674   	-1817.4524  	6.13822E-2  	19.64 hours/billion states
222000	-2042.5753  	-227.5551   	-1815.0203  	5.9335E-2   	19.61 hours/billion states
223000	-2042.4051  	-226.4626   	-1815.9425  	6.43672E-2  	19.56 hours/billion states
224000	-2040.2596  	-225.1740   	-1815.0856  	5.25207E-2  	19.5 hours/billion states
225000	-2041.5761  	-225.7536   	-1815.8224  	6.57562E-2  	19.45 hours/billion states
226000	-2047.7979  	-228.7539   	-1819.0440  	7.7564E-2   	19.4 hours/billion states
227000	-2041.3943  	-226.0322   	-1815.3620  	6.57128E-2  	19.35 hours/billion states
228000	-2043.1723  	-226.4175   	-1816.7548  	6.92305E-2  	19.29 hours/billion states
229000	-2041.5223  	-225.2624   	-1816.2599  	6.57499E-2  	19.23 hours/billion states
230000	-2044.5376  	-228.1499   	-1816.3877  	6.56947E-2  	19.17 hours/billion states
231000	-2042.0729  	-227.5691   	-1814.5038  	6.63369E-2  	19.11 hours/billion states
232000	-2045.4222  	-227.8037   	-1817.6185  	6.23956E-2  	19.05 hours/billion states
233000	-2041.2793  	-227.1977   	-1814.0816  	6.29432E-2  	19.01 hours/billion states
234000	-2045.8231  	-227.2940   	-1818.5291  	7.16261E-2  	18.96 hours/billion states
235000	-2040.7901  	-225.3964   	-1815.3937  	6.16608E-2  	18.92 hours/billion states
236000	-2043.9312  	-226.0246   	-1817.9066  	6.43896E-2  	18.86 hours/billion states
237000	-2042.4924  	-227.1198   	-1815.3725  	6.19434E-2  	18.81 hours/billion states
238000	-2043.5575  	-224.9418   	-1818.6157  	6.79703E-2  	18.79 hours/billion states
239000	-2046.2616  	-227.3697   	-1818.8919  	6.0449E-2   	18.75 hours/billion states
240000	-2041.7886  	-226.2889   	-1815.4998  	6.07941E-2  	18.71 hours/billion states
241000	-2044.0290  	-227.6065   	-1816.4225  	5.97794E-2  	18.67 hours/billion states
242000	-2043.7494  	-224.5675   	-1819.1819  	5.90393E-2  	18.63 hours/billion states
243000	-2044.3662  	-226.9328   	-1817.4335  	6.69351E-2  	18.58 hours/billion states
244000	-2042.8179  	-226.2590   	-1816.5589  	6.56425E-2  	18.53 hours/billion states
245000	-2046.6661  	-226.0244   	-1820.6417  	5.49726E-2  	18.47 hours/billion states
246000	-2045.4194  	-224.6276   	-1820.7918  	5.90825E-2  	18.42 hours/billion states
247000	-2042.4018  	-227.2622   	-1815.1397  	7.29257E-2  	18.39 hours/billion states
248000	-2042.0029  	-226.5097   	-1815.4932  	6.5495E-2   	18.35 hours/billion states
249000	-2044.7561  	-227.4159   	-1817.3402  	6.5427E-2   	18.31 hours/billion states
250000	-2043.2588  	-226.3805   	-1816.8782  	5.72872E-2  	18.27 hours/billion states
251000	-2041.0667  	-226.9168   	-1814.1499  	6.29149E-2  	18.23 hours/billion states
252000	-2044.1042  	-225.5647   	-1818.5394  	6.55951E-2  	18.18 hours/billion states
253000	-2044.0412  	-227.0559   	-1816.9854  	6.288E-2    	18.18 hours/billion states
254000	-2042.3287  	-227.6090   	-1814.7198  	6.73837E-2  	18.16 hours/billion states
255000	-2040.8724  	-224.7850   	-1816.0875  	5.87485E-2  	18.12 hours/billion states
256000	-2040.6011  	-224.9378   	-1815.6633  	5.54471E-2  	18.1 hours/billion states
257000	-2045.3817  	-227.4788   	-1817.9029  	6.46448E-2  	18.06 hours/billion states
258000	-2040.9309  	-225.0751   	-1815.8558  	5.87277E-2  	18.03 hours/billion states
259000	-2040.3564  	-225.8038   	-1814.5527  	5.2269E-2   	18 hours/billion states
260000	-2040.4425  	-224.7940   	-1815.6485  	6.2178E-2   	17.95 hours/billion states
261000	-2042.0547  	-226.1541   	-1815.9006  	5.53336E-2  	17.91 hours/billion states
262000	-2042.3163  	-226.1060   	-1816.2102  	6.79195E-2  	17.86 hours/billion states
263000	-2045.1099  	-225.4359   	-1819.6740  	5.13581E-2  	17.81 hours/billion states
264000	-2044.4909  	-227.5872   	-1816.9038  	6.60652E-2  	17.76 hours/billion states
265000	-2041.3339  	-225.4845   	-1815.8494  	5.79352E-2  	17.71 hours/billion states
266000	-2040.9367  	-226.4867   	-1814.4499  	6.70911E-2  	17.67 hours/billion states
267000	-2042.5482  	-226.1663   	-1816.3819  	6.54163E-2  	17.63 hours/billion states
268000	-2043.7368  	-229.0685   	-1814.6683  	6.10036E-2  	17.59 hours/billion states
269000	-2043.2201  	-226.4866   	-1816.7336  	5.58211E-2  	17.57 hours/billion states
270000	-2042.4280  	-226.1622   	-1816.2658  	5.42715E-2  	17.54 hours/billion states
271000	-2042.9291  	-225.8292   	-1817.0999  	5.48721E-2  	17.51 hours/billion states
272000	-2043.7160  	-225.9332   	-1817.7828  	6.22213E-2  	17.48 hours/billion states
273000	-2046.2062  	-227.1513   	-1819.0550  	6.43795E-2  	17.45 hours/billion states
274000	-2041.2356  	-225.4320   	-1815.8037  	6.59341E-2  	17.43 hours/billion states
275000	-2045.6391  	-225.5321   	-1820.1071  	6.11917E-2  	17.4 hours/billion states
276000	-2043.5316  	-226.3868   	-1817.1448  	6.20769E-2  	17.37 hours/billion states
277000	-2043.3894  	-225.3048   	-1818.0846  	5.39573E-2  	17.33 hours/billion states
278000	-2043.1238  	-225.9394   	-1817.1845  	5.2871E-2   	17.29 hours/billion states
279000	-2044.0493  	-228.0340   	-1816.0153  	6.18994E-2  	17.24 hours/billion states
280000	-2043.5614  	-226.5956   	-1816.9658  	5.844E-2    	17.2 hours/billion states
281000	-2043.4747  	-226.8009   	-1816.6738  	6.17692E-2  	17.16 hours/billion states
282000	-2044.1933  	-225.7980   	-1818.3953  	5.18684E-2  	17.12 hours/billion states
283000	-2040.3070  	-226.3587   	-1813.9482  	6.45579E-2  	17.1 hours/billion states
284000	-2041.8198  	-225.6349   	-1816.1849  	6.86903E-2  	17.06 hours/billion states
285000	-2043.2913  	-226.2711   	-1817.0203  	6.36343E-2  	17.03 hours/billion states
286000	-2040.6023  	-226.4304   	-1814.1719  	6.32292E-2  	16.99 hours/billion states
287000	-2048.1410  	-226.0929   	-1822.0482  	5.90362E-2  	16.95 hours/billion states
288000	-2043.0462  	-227.4553   	-1815.5909  	6.65986E-2  	16.93 hours/billion states
289000	-2042.1691  	-226.3204   	-1815.8486  	5.79696E-2  	16.9 hours/billion states
290000	-2042.7322  	-228.7377   	-1813.9945  	5.8367E-2   	16.88 hours/billion states
291000	-2046.2487  	-228.4823   	-1817.7665  	6.69509E-2  	16.85 hours/billion states
292000	-2041.1690  	-225.3304   	-1815.8386  	6.62743E-2  	16.82 hours/billion states
293000	-2044.5375  	-227.9407   	-1816.5968  	6.2202E-2   	16.78 hours/billion states
294000	-2043.7392  	-225.6819   	-1818.0573  	5.9355E-2   	16.75 hours/billion states
295000	-2041.2291  	-225.5611   	-1815.6680  	6.3506E-2   	16.7 hours/billion states
296000	-2043.8258  	-226.8447   	-1816.9811  	7.00761E-2  	16.66 hours/billion states
297000	-2044.5357  	-228.6982   	-1815.8376  	6.55479E-2  	16.64 hours/billion states
298000	-2042.0138  	-226.2111   	-1815.8027  	7.02697E-2  	16.61 hours/billion states
299000	-2044.7779  	-227.1423   	-1817.6355  	5.68469E-2  	16.58 hours/billion states
300000	-2042.7657  	-227.0568   	-1815.7089  	6.81838E-2  	16.55 hours/billion states
301000	-2042.3210  	-224.9462   	-1817.3748  	5.99691E-2  	16.53 hours/billion states
302000	-2039.6285  	-226.9289   	-1812.6996  	6.61013E-2  	16.49 hours/billion states
303000	-2050.0377  	-228.9634   	-1821.0743  	5.60881E-2  	16.45 hours/billion states
304000	-2041.9107  	-225.8404   	-1816.0703  	6.17051E-2  	16.42 hours/billion states
305000	-2041.6893  	-226.3421   	-1815.3472  	5.75459E-2  	16.4 hours/billion states
306000	-2039.7580  	-225.3328   	-1814.4252  	6.11953E-2  	16.39 hours/billion states
307000	-2041.9755  	-225.8774   	-1816.0980  	5.74617E-2  	16.37 hours/billion states
308000	-2043.3162  	-226.9226   	-1816.3936  	5.77891E-2  	16.34 hours/billion states
309000	-2044.1734  	-226.2561   	-1817.9173  	5.72543E-2  	16.3 hours/billion states
310000	-2041.8012  	-224.8525   	-1816.9488  	5.99065E-2  	16.27 hours/billion states
311000	-2041.6048  	-225.7461   	-1815.8587  	5.32701E-2  	16.24 hours/billion states
312000	-2042.7807  	-227.9354   	-1814.8453  	6.48116E-2  	16.22 hours/billion states
313000	-2040.9522  	-226.0809   	-1814.8713  	6.87058E-2  	16.2 hours/billion states
314000	-2042.6470  	-225.9859   	-1816.6612  	6.59609E-2  	16.17 hours/billion states
315000	-2042.2841  	-225.5002   	-1816.7839  	6.7674E-2   	16.14 hours/billion states
316000	-2042.0555  	-225.8401   	-1816.2154  	6.11662E-2  	16.11 hours/billion states
317000	-2040.6086  	-225.8445   	-1814.7642  	5.8719E-2   	16.08 hours/billion states
318000	-2045.3078  	-227.3687   	-1817.9391  	6.38824E-2  	16.04 hours/billion states
319000	-2041.3536  	-225.8885   	-1815.4651  	6.01108E-2  	16.02 hours/billion states
320000	-2040.4436  	-226.6644   	-1813.7793  	5.78239E-2  	16 hours/billion states
321000	-2043.0759  	-226.9530   	-1816.1229  	6.48908E-2  	15.97 hours/billion states
322000	-2045.4714  	-226.7098   	-1818.7616  	6.4901E-2   	15.95 hours/billion states
323000	-2044.5377  	-226.7317   	-1817.8060  	6.37694E-2  	15.94 hours/billion states
324000	-2046.3065  	-225.5226   	-1820.7839  	5.53371E-2  	15.9 hours/billion states
325000	-2042.1940  	-226.2957   	-1815.8983  	6.78653E-2  	15.87 hours/billion states
326000	-2041.9948  	-226.8960   	-1815.0988  	6.47515E-2  	15.85 hours/billion states
327000	-2041.8491  	-226.0550   	-1815.7941  	6.79416E-2  	15.83 hours/billion states
328000	-2043.1520  	-226.7446   	-1816.4074  	5.39525E-2  	15.8 hours/billion states
329000	-2042.1101  	-226.8273   	-1815.2829  	5.90532E-2  	15.77 hours/billion states
330000	-2040.2910  	-226.9280   	-1813.3629  	6.10612E-2  	15.74 hours/billion states
331000	-2045.4712  	-226.0134   	-1819.4578  	6.39627E-2  	15.71 hours/billion states
332000	-2043.1198  	-226.8774   	-1816.2424  	5.38691E-2  	15.68 hours/billion states
333000	-2040.3444  	-225.0821   	-1815.2623  	5.78458E-2  	15.65 hours/billion states
334000	-2042.9181  	-226.0034   	-1816.9146  	6.70251E-2  	15.62 hours/billion states
335000	-2042.1525  	-225.5470   	-1816.6056  	5.99544E-2  	15.59 hours/billion states
336000	-2040.4636  	-226.4265   	-1814.0372  	6.22659E-2  	15.57 hours/billion states
337000	-2043.0723  	-226.4371   	-1816.6352  	6.78761E-2  	15.55 hours/billion states
338000	-2040.2613  	-225.3764   	-1814.8849  	5.92478E-2  	15.53 hours/billion states
339000	-2041.4147  	-226.7664   	-1814.6482  	6.82766E-2  	15.5 hours/billion states
340000	-2041.4961  	-226.5653   	-1814.9307  	5.81912E-2  	15.47 hours/billion states
341000	-2039.7707  	-226.9316   	-1812.8392  	6.75992E-2  	15.44 hours/billion states
342000	-2043.6424  	-226.8922   	-1816.7502  	6.13208E-2  	15.45 hours/billion states
343000	-2039.5577  	-226.0507   	-1813.5070  	6.07475E-2  	15.44 hours/billion states
344000	-2041.5883  	-225.4566   	-1816.1316  	5.5621E-2   	15.44 hours/billion states
345000	-2042.2789  	-226.7940   	-1815.4848  	5.50014E-2  	15.42 hours/billion states
346000	-2043.4874  	-227.8262   	-1815.6612  	6.73318E-2  	15.4 hours/billion states
347000	-2043.3083  	-226.8209   	-1816.4874  	6.48365E-2  	15.37 hours/billion states
348000	-2047.3945  	-226.4424   	-1820.9521  	6.47841E-2  	15.34 hours/billion states
349000	-2045.3286  	-226.3250   	-1819.0036  	6.43235E-2  	15.32 hours/billion states
350000	-2042.0037  	-224.8939   	-1817.1098  	4.85082E-2  	15.3 hours/billion states
351000	-2043.1497  	-228.2796   	-1814.8701  	6.33631E-2  	15.29 hours/billion states
352000	-2045.0618  	-226.8000   	-1818.2618  	6.16799E-2  	15.27 hours/billion states
353000	-2040.1533  	-227.1232   	-1813.0301  	6.10759E-2  	15.24 hours/billion states
354000	-2041.0385  	-227.8145   	-1813.2240  	6.23572E-2  	15.22 hours/billion states
355000	-2044.4264  	-227.4941   	-1816.9323  	6.86583E-2  	15.19 hours/billion states
356000	-2046.5688  	-224.9372   	-1821.6316  	6.15832E-2  	15.16 hours/billion states
357000	-2044.3122  	-226.6088   	-1817.7034  	6.53868E-2  	15.14 hours/billion states
358000	-2041.8038  	-225.8324   	-1815.9715  	5.46877E-2  	15.13 hours/billion states
359000	-2040.8975  	-227.2602   	-1813.6373  	6.42407E-2  	15.12 hours/billion states
360000	-2041.4419  	-225.2467   	-1816.1952  	5.88441E-2  	15.11 hours/billion states
361000	-2041.0937  	-225.0093   	-1816.0844  	5.85537E-2  	15.08 hours/billion states
362000	-2042.5742  	-226.0529   	-1816.5213  	6.49042E-2  	15.05 hours/billion states
363000	-2043.9412  	-225.8844   	-1818.0568  	6.7554E-2   	15.03 hours/billion states
364000	-2041.0957  	-226.6208   	-1814.4749  	6.41049E-2  	15.01 hours/billion states
365000	-2045.0720  	-228.2649   	-1816.8070  	6.71355E-2  	14.99 hours/billion states
366000	-2039.0964  	-225.7812   	-1813.3151  	5.90577E-2  	14.97 hours/billion states
367000	-2044.1730  	-225.0103   	-1819.1628  	5.69527E-2  	14.96 hours/billion states
368000	-2041.7357  	-225.2610   	-1816.4747  	5.91864E-2  	14.94 hours/billion states
369000	-2040.7034  	-226.6177   	-1814.0857  	5.87746E-2  	14.92 hours/billion states
370000	-2041.6190  	-226.2382   	-1815.3807  	5.64063E-2  	14.89 hours/billion states
371000	-2042.3628  	-227.7242   	-1814.6386  	6.62823E-2  	14.86 hours/billion states
372000	-2044.3080  	-228.2594   	-1816.0486  	6.57541E-2  	14.85 hours/billion states
373000	-2041.8171  	-227.5252   	-1814.2919  	6.18434E-2  	14.84 hours/billion states
374000	-2040.3675  	-225.3879   	-1814.9797  	5.74671E-2  	14.82 hours/billion states
375000	-2039.4856  	-226.2638   	-1813.2218  	6.84628E-2  	14.81 hours/billion states
376000	-2046.2821  	-225.5242   	-1820.7579  	7.2661E-2   	14.79 hours/billion states
377000	-2040.5672  	-226.2504   	-1814.3168  	5.90391E-2  	14.77 hours/billion states
378000	-2040.8405  	-225.4288   	-1815.4117  	4.95496E-2  	14.74 hours/billion states
379000	-2039.0380  	-225.9828   	-1813.0552  	6.03415E-2  	14.73 hours/billion states
380000	-2041.6130  	-226.3230   	-1815.2900  	6.41636E-2  	14.72 hours/billion states
381000	-2041.5443  	-226.8404   	-1814.7039  	7.05979E-2  	14.7 hours/billion states
382000	-2042.9305  	-225.8517   	-1817.0788  	5.86912E-2  	14.69 hours/billion states
383000	-2044.3783  	-226.4935   	-1817.8848  	6.0528E-2   	14.67 hours/billion states
384000	-2043.7061  	-227.2353   	-1816.4708  	5.77378E-2  	14.64 hours/billion states
385000	-2042.3664  	-227.4588   	-1814.9076  	7.14196E-2  	14.62 hours/billion states
386000	-2040.9127  	-226.3430   	-1814.5697  	6.49748E-2  	14.61 hours/billion states
387000	-2044.1495  	-227.8730   	-1816.2766  	6.59095E-2  	14.59 hours/billion states
388000	-2041.5137  	-225.3018   	-1816.2119  	6.52976E-2  	14.58 hours/billion states
389000	-2040.6592  	-226.3171   	-1814.3421  	5.74218E-2  	14.56 hours/billion states
390000	-2042.5493  	-227.5421   	-1815.0072  	6.47745E-2  	14.55 hours/billion states
391000	-2044.8937  	-227.5547   	-1817.3390  	7.34284E-2  	14.53 hours/billion states
392000	-2040.1317  	-225.9819   	-1814.1498  	5.88481E-2  	14.52 hours/billion states
393000	-2043.2573  	-228.4595   	-1814.7978  	5.89818E-2  	14.51 hours/billion states
394000	-2042.8557  	-225.1231   	-1817.7325  	5.67529E-2  	14.49 hours/billion states
395000	-2040.0759  	-226.7531   	-1813.3227  	6.65849E-2  	14.47 hours/billion states
396000	-2043.3315  	-226.4228   	-1816.9087  	5.64605E-2  	14.46 hours/billion states
397000	-2041.3571  	-225.2169   	-1816.1401  	5.61374E-2  	14.44 hours/billion states
398000	-2040.1718  	-225.7314   	-1814.4404  	6.21985E-2  	14.42 hours/billion states
399000	-2042.2686  	-224.4149   	-1817.8537  	5.48475E-2  	14.4 hours/billion states
400000	-2043.0349  	-226.1248   	-1816.9101  	5.48521E-2  	14.38 hours/billion states
401000	-2042.0758  	-227.2441   	-1814.8317  	7.33835E-2  	14.36 hours/billion states
402000	-2044.5453  	-226.6085   	-1817.9369  	5.63628E-2  	14.35 hours/billion states
403000	-2043.2874  	-226.2392   	-1817.0482  	6.00079E-2  	14.34 hours/billion states
404000	-2043.3322  	-228.2104   	-1815.1218  	6.87195E-2  	14.33 hours/billion states
405000	-2043.2522  	-225.5288   	-1817.7234  	6.14308E-2  	14.31 hours/billion states
406000	-2047.2139  	-228.9797   	-1818.2342  	5.0637E-2   	14.29 hours/billion states
407000	-2041.6999  	-227.0841   	-1814.6158  	6.51166E-2  	14.27 hours/billion states
408000	-2041.9572  	-227.0642   	-1814.8929  	6.00645E-2  	14.25 hours/billion states
409000	-2041.9870  	-226.7125   	-1815.2745  	6.7739E-2   	14.24 hours/billion states
410000	-2041.2904  	-224.9022   	-1816.3882  	6.21228E-2  	14.23 hours/billion states
411000	-2042.4349  	-227.3423   	-1815.0926  	6.18943E-2  	14.22 hours/billion states
412000	-2043.7943  	-226.1525   	-1817.6418  	6.35657E-2  	14.22 hours/billion states
413000	-2042.4075  	-225.7545   	-1816.6531  	6.92749E-2  	14.2 hours/billion states
414000	-2040.8794  	-225.8700   	-1815.0093  	5.83617E-2  	14.19 hours/billion states
415000	-2045.6824  	-227.8398   	-1817.8426  	6.49774E-2  	14.19 hours/billion states
416000	-2045.8995  	-225.9641   	-1819.9354  	6.57023E-2  	14.17 hours/billion states
417000	-2042.7208  	-225.8661   	-1816.8547  	5.8831E-2   	14.17 hours/billion states
418000	-2043.5598  	-226.3257   	-1817.2340  	5.79263E-2  	14.15 hours/billion states
419000	-2046.9013  	-229.1871   	-1817.7142  	6.1413E-2   	14.13 hours/billion states
420000	-2041.1779  	-225.8794   	-1815.2985  	5.79043E-2  	14.13 hours/billion states
421000	-2042.9137  	-227.0231   	-1815.8906  	5.33402E-2  	14.11 hours/billion states
422000	-2042.4705  	-226.1635   	-1816.3070  	5.88192E-2  	14.1 hours/billion states
423000	-2042.2981  	-226.5798   	-1815.7183  	6.4886E-2   	14.1 hours/billion states
424000	-2044.2717  	-226.6868   	-1817.5849  	6.28474E-2  	14.09 hours/billion states
425000	-2041.9230  	-227.0417   	-1814.8812  	6.79364E-2  	14.07 hours/billion states
426000	-2041.6854  	-225.8729   	-1815.8125  	5.36306E-2  	14.05 hours/billion states
427000	-2045.0565  	-225.7024   	-1819.3541  	6.0729E-2   	14.05 hours/billion states
428000	-2042.7441  	-226.1216   	-1816.6225  	5.17113E-2  	14.04 hours/billion states
429000	-2044.1413  	-225.0923   	-1819.0490  	5.06847E-2  	14.03 hours/billion states
430000	-2042.0882  	-227.9523   	-1814.1360  	5.92973E-2  	14.01 hours/billion states
431000	-2042.6620  	-226.5213   	-1816.1407  	7.27721E-2  	13.99 hours/billion states
432000	-2040.5136  	-226.5130   	-1814.0007  	5.75693E-2  	13.97 hours/billion states
433000	-2044.2469  	-226.2275   	-1818.0193  	5.61786E-2  	13.95 hours/billion states
434000	-2044.3543  	-225.2236   	-1819.1307  	5.73904E-2  	13.94 hours/billion states
435000	-2044.1686  	-227.2347   	-1816.9339  	5.71429E-2  	13.93 hours/billion states
436000	-2043.2041  	-226.9647   	-1816.2394  	6.14209E-2  	13.92 hours/billion states
437000	-2040.8862  	-225.5923   	-1815.2939  	6.31097E-2  	13.91 hours/billion states
438000	-2042.9173  	-226.1226   	-1816.7947  	5.96803E-2  	13.89 hours/billion states
439000	-2047.0692  	-229.8958   	-1817.1734  	7.51279E-2  	13.88 hours/billion states
440000	-2044.3987  	-226.9009   	-1817.4978  	6.86852E-2  	13.87 hours/billion states
441000	-2043.0560  	-225.7503   	-1817.3056  	6.16619E-2  	13.86 hours/billion states
442000	-2041.4583  	-226.7526   	-1814.7057  	6.04833E-2  	13.85 hours/billion states
443000	-2044.5995  	-228.3032   	-1816.2962  	5.83554E-2  	13.84 hours/billion states
444000	-2044.0720  	-227.5636   	-1816.5084  	6.64595E-2  	13.83 hours/billion states
445000	-2043.3889  	-226.1181   	-1817.2708  	5.51406E-2  	13.81 hours/billion states
446000	-2044.1299  	-227.0381   	-1817.0919  	5.90815E-2  	13.79 hours/billion states
447000	-2042.8951  	-228.5272   	-1814.3679  	6.99002E-2  	13.77 hours/billion states
448000	-2045.4275  	-227.3498   	-1818.0777  	6.79399E-2  	13.76 hours/billion states
449000	-2045.2483  	-225.5886   	-1819.6597  	5.157E-2    	13.75 hours/billion states
450000	-2042.1031  	-226.2472   	-1815.8559  	5.67983E-2  	13.74 hours/billion states
451000	-2043.8112  	-227.5064   	-1816.3048  	6.30381E-2  	13.73 hours/billion states
452000	-2043.9874  	-225.0098   	-1818.9777  	6.15405E-2  	13.72 hours/billion states
453000	-2043.2200  	-228.0078   	-1815.2122  	6.75833E-2  	13.7 hours/billion states
454000	-2045.0255  	-228.8084   	-1816.2171  	6.28147E-2  	13.68 hours/billion states
455000	-2041.4896  	-225.3770   	-1816.1126  	6.2956E-2   	13.66 hours/billion states
456000	-2043.8872  	-225.4390   	-1818.4482  	5.65961E-2  	13.64 hours/billion states
457000	-2044.3142  	-224.9312   	-1819.3831  	5.51849E-2  	13.63 hours/billion states
458000	-2042.5044  	-225.2591   	-1817.2452  	6.11076E-2  	13.63 hours/billion states
459000	-2045.4483  	-229.6024   	-1815.8459  	6.52966E-2  	13.63 hours/billion states
460000	-2042.9592  	-225.4013   	-1817.5579  	5.47498E-2  	13.62 hours/billion states
461000	-2047.2837  	-225.7960   	-1821.4877  	4.8326E-2   	13.6 hours/billion states
462000	-2040.4845  	-226.5950   	-1813.8895  	6.14009E-2  	13.58 hours/billion states
463000	-2042.7275  	-227.7794   	-1814.9480  	6.68044E-2  	13.57 hours/billion states
464000	-2041.1359  	-226.5214   	-1814.6145  	6.14582E-2  	13.57 hours/billion states
465000	-2041.9030  	-225.6521   	-1816.2509  	6.35706E-2  	13.56 hours/billion states
466000	-2043.2821  	-227.8382   	-1815.4439  	5.94691E-2  	13.55 hours/billion states
467000	-2040.3388  	-225.9359   	-1814.4029  	6.05706E-2  	13.54 hours/billion states
468000	-2043.5035  	-224.3978   	-1819.1056  	5.78749E-2  	13.53 hours/billion states
469000	-2047.3834  	-231.5639   	-1815.8196  	5.91343E-2  	13.51 hours/billion states
470000	-2042.2768  	-226.2714   	-1816.0054  	6.23662E-2  	13.49 hours/billion states
471000	-2041.3015  	-226.7573   	-1814.5442  	5.50818E-2  	13.49 hours/billion states
472000	-2039.6235  	-225.6386   	-1813.9849  	5.93459E-2  	13.47 hours/billion states
473000	-2046.4932  	-227.2767   	-1819.2165  	5.23802E-2  	13.47 hours/billion states
474000	-2042.7231  	-228.2614   	-1814.4617  	6.86438E-2  	13.46 hours/billion states
475000	-2041.5403  	-226.8438   	-1814.6964  	6.55763E-2  	13.45 hours/billion states
476000	-2041.2685  	-227.1133   	-1814.1552  	6.5914E-2   	13.44 hours/billion states
477000	-2042.7819  	-226.1233   	-1816.6586  	5.51524E-2  	13.43 hours/billion states
478000	-2041.2712  	-226.0843   	-1815.1869  	5.85524E-2  	13.42 hours/billion states
479000	-2043.5432  	-226.0277   	-1817.5155  	6.5538E-2   	13.42 hours/billion states
480000	-2041.9401  	-224.7101   	-1817.2300  	4.86522E-2  	13.41 hours/billion states
481000	-2041.0020  	-226.5083   	-1814.4937  	6.30155E-2  	13.4 hours/billion states
482000	-2046.1023  	-227.7718   	-1818.3305  	6.5644E-2   	13.39 hours/billion states
483000	-2042.1753  	-225.7603   	-1816.4150  	5.787E-2    	13.37 hours/billion states
484000	-2043.1717  	-225.9621   	-1817.2095  	5.80378E-2  	13.36 hours/billion states
485000	-2042.3989  	-226.7734   	-1815.6255  	6.14393E-2  	13.35 hours/billion states
486000	-2042.1383  	-227.4805   	-1814.6578  	6.13205E-2  	13.34 hours/billion states
487000	-2044.0795  	-227.2639   	-1816.8156  	5.42593E-2  	13.34 hours/billion states
488000	-2040.7825  	-225.1793   	-1815.6032  	5.99317E-2  	13.33 hours/billion states
489000	-2041.2384  	-227.0323   	-1814.2061  	6.21566E-2  	13.32 hours/billion states
490000	-2038.4627  	-226.0193   	-1812.4434  	6.54045E-2  	13.31 hours/billion states
491000	-2040.4561  	-226.5889   	-1813.8672  	6.30113E-2  	13.29 hours/billion states
492000	-2041.5936  	-226.4838   	-1815.1098  	6.3155E-2   	13.29 hours/billion states
493000	-2040.3283  	-225.5678   	-1814.7605  	6.7616E-2   	13.28 hours/billion states
494000	-2041.9403  	-227.4736   	-1814.4667  	6.61965E-2  	13.27 hours/billion states
495000	-2041.9552  	-228.4659   	-1813.4893  	6.06334E-2  	13.25 hours/billion states
496000	-2047.0798  	-227.3553   	-1819.7245  	5.98518E-2  	13.24 hours/billion states
497000	-2043.2543  	-225.3141   	-1817.9403  	5.54925E-2  	13.23 hours/billion states
498000	-2042.5312  	-225.9802   	-1816.5510  	6.71259E-2  	13.21 hours/billion states
499000	-2041.2436  	-225.2896   	-1815.9540  	6.02675E-2  	13.2 hours/billion states
500000	-2040.0871  	-224.6471   	-1815.4400  	6.14102E-2  	13.19 hours/billion states
501000	-2043.8266  	-226.7097   	-1817.1169  	5.273E-2    	13.18 hours/billion states
502000	-2044.9995  	-226.0241   	-1818.9754  	7.51658E-2  	13.17 hours/billion states
503000	-2041.2679  	-226.1047   	-1815.1632  	6.73295E-2  	13.16 hours/billion states
504000	-2046.1041  	-227.6080   	-1818.4961  	5.91534E-2  	13.15 hours/billion states
505000	-2042.8640  	-225.7497   	-1817.1143  	6.61764E-2  	13.14 hours/billion states
506000	-2041.3001  	-226.8744   	-1814.4257  	6.80735E-2  	13.12 hours/billion states
507000	-2049.5076  	-227.4058   	-1822.1018  	6.07726E-2  	13.12 hours/billion states
508000	-2043.0941  	-224.4407   	-1818.6533  	5.12335E-2  	13.1 hours/billion states
509000	-2041.6196  	-225.9447   	-1815.6749  	5.54915E-2  	13.1 hours/billion states
510000	-2042.2448  	-226.3362   	-1815.9086  	5.47203E-2  	13.09 hours/billion states
511000	-2041.2120  	-225.9568   	-1815.2553  	6.35405E-2  	13.08 hours/billion states
512000	-2041.2187  	-225.9514   	-1815.2673  	6.06952E-2  	13.07 hours/billion states
513000	-2042.3109  	-226.0358   	-1816.2751  	6.01585E-2  	13.06 hours/billion states
514000	-2045.2185  	-226.2401   	-1818.9785  	5.69826E-2  	13.04 hours/billion states
515000	-2041.2804  	-226.0798   	-1815.2006  	5.65361E-2  	13.03 hours/billion states
516000	-2044.0764  	-227.5415   	-1816.5350  	5.69743E-2  	13.02 hours/billion states
517000	-2043.7646  	-226.6101   	-1817.1545  	5.97833E-2  	13.02 hours/billion states
518000	-2042.4106  	-228.6660   	-1813.7446  	6.62545E-2  	13.01 hours/billion states
519000	-2042.5319  	-226.0752   	-1816.4567  	5.64715E-2  	13.01 hours/billion states
520000	-2045.6520  	-226.2207   	-1819.4313  	5.82369E-2  	13 hours/billion states
521000	-2041.7884  	-226.6550   	-1815.1334  	7.35404E-2  	12.98 hours/billion states
522000	-2043.9478  	-226.2788   	-1817.6690  	4.96934E-2  	12.97 hours/billion states
523000	-2044.0772  	-226.5813   	-1817.4959  	6.3665E-2   	12.96 hours/billion states
524000	-2040.8611  	-227.1504   	-1813.7108  	7.1945E-2   	12.96 hours/billion states
525000	-2042.8068  	-225.8715   	-1816.9353  	6.40756E-2  	12.96 hours/billion states
526000	-2043.2448  	-226.0553   	-1817.1895  	7.05928E-2  	12.95 hours/billion states
527000	-2040.3647  	-224.7931   	-1815.5715  	6.14702E-2  	12.94 hours/billion states
528000	-2041.7954  	-226.6923   	-1815.1032  	5.94117E-2  	12.93 hours/billion states
529000	-2040.2069  	-225.1552   	-1815.0517  	6.21611E-2  	12.92 hours/billion states
530000	-2041.8368  	-226.1883   	-1815.6485  	6.38476E-2  	12.91 hours/billion states
531000	-2042.2275  	-226.7887   	-1815.4388  	6.01704E-2  	12.9 hours/billion states
532000	-2045.4451  	-227.6868   	-1817.7583  	5.51101E-2  	12.9 hours/billion states
533000	-2043.9079  	-226.8126   	-1817.0953  	6.3091E-2   	12.89 hours/billion states
534000	-2043.9829  	-225.6364   	-1818.3465  	5.40698E-2  	12.88 hours/billion states
535000	-2051.7825  	-226.8120   	-1824.9706  	5.85796E-2  	12.87 hours/billion states
536000	-2043.4774  	-227.4111   	-1816.0664  	6.59639E-2  	12.86 hours/billion states
537000	-2039.4214  	-225.8347   	-1813.5867  	6.55812E-2  	12.84 hours/billion states
538000	-2043.5281  	-225.6558   	-1817.8724  	6.42767E-2  	12.84 hours/billion states
539000	-2046.3084  	-223.8441   	-1822.4643  	4.50653E-2  	12.83 hours/billion states
540000	-2039.8364  	-226.0350   	-1813.8014  	5.95932E-2  	12.82 hours/billion states
541000	-2040.6966  	-226.3578   	-1814.3387  	6.23771E-2  	12.82 hours/billion states
542000	-2048.0707  	-227.2285   	-1820.8422  	6.56341E-2  	12.81 hours/billion states
543000	-2045.5327  	-227.8819   	-1817.6508  	6.0196E-2   	12.8 hours/billion states
544000	-2047.9771  	-227.0720   	-1820.9050  	7.17446E-2  	12.79 hours/billion states
545000	-2047.9085  	-228.1969   	-1819.7116  	5.37292E-2  	12.79 hours/billion states
546000	-2043.9122  	-227.7494   	-1816.1628  	5.95716E-2  	12.78 hours/billion states
547000	-2046.2907  	-228.1346   	-1818.1561  	5.95636E-2  	12.78 hours/billion states
548000	-2045.1253  	-227.1523   	-1817.9730  	5.45672E-2  	12.77 hours/billion states
549000	-2041.6538  	-226.2494   	-1815.4044  	5.79439E-2  	12.76 hours/billion states
550000	-2042.6361  	-226.3463   	-1816.2898  	6.29096E-2  	12.74 hours/billion states
551000	-2043.3479  	-225.8030   	-1817.5449  	6.36179E-2  	12.73 hours/billion states
552000	-2041.0187  	-225.1956   	-1815.8232  	6.1334E-2   	12.73 hours/billion states
553000	-2041.3636  	-225.9754   	-1815.3883  	6.47544E-2  	12.72 hours/billion states
554000	-2044.9931  	-228.2280   	-1816.7652  	5.53496E-2  	12.72 hours/billion states
555000	-2040.9800  	-226.0133   	-1814.9666  	5.80232E-2  	12.71 hours/billion states
556000	-2042.3030  	-226.7076   	-1815.5954  	6.12063E-2  	12.71 hours/billion states
557000	-2040.6951  	-226.7298   	-1813.9654  	6.3463E-2   	12.71 hours/billion states
558000	-2041.1163  	-226.5148   	-1814.6015  	5.89008E-2  	12.7 hours/billion states
559000	-2041.2570  	-225.3641   	-1815.8929  	5.46777E-2  	12.7 hours/billion states
560000	-2042.7343  	-226.3753   	-1816.3589  	6.95599E-2  	12.7 hours/billion states
561000	-2050.5906  	-228.0086   	-1822.5819  	5.888E-2    	12.69 hours/billion states
562000	-2051.5444  	-228.2339   	-1823.3105  	5.58298E-2  	12.68 hours/billion states
563000	-2044.3263  	-226.9278   	-1817.3984  	5.59023E-2  	12.67 hours/billion states
564000	-2041.4969  	-225.3446   	-1816.1524  	5.45163E-2  	12.66 hours/billion states
565000	-2042.0224  	-226.7486   	-1815.2737  	6.57993E-2  	12.66 hours/billion states
566000	-2043.7151  	-226.2394   	-1817.4757  	6.49812E-2  	12.65 hours/billion states
567000	-2043.1172  	-226.2306   	-1816.8866  	5.06426E-2  	12.65 hours/billion states
568000	-2042.0838  	-227.0791   	-1815.0047  	6.31438E-2  	12.64 hours/billion states
569000	-2041.8657  	-225.9184   	-1815.9473  	5.52836E-2  	12.63 hours/billion states
570000	-2042.7553  	-228.1022   	-1814.6531  	5.77908E-2  	12.62 hours/billion states
571000	-2043.5729  	-225.0742   	-1818.4987  	4.84617E-2  	12.61 hours/billion states
572000	-2040.6319  	-225.5466   	-1815.0852  	6.41692E-2  	12.61 hours/billion states
573000	-2042.7682  	-226.3245   	-1816.4438  	6.95154E-2  	12.61 hours/billion states
574000	-2043.7158  	-227.9919   	-1815.7239  	6.25163E-2  	12.6 hours/billion states
575000	-2046.1761  	-228.5913   	-1817.5848  	5.79978E-2  	12.59 hours/billion states
576000	-2045.2384  	-226.6982   	-1818.5402  	6.83976E-2  	12.58 hours/billion states
577000	-2044.3695  	-226.8186   	-1817.5510  	5.48206E-2  	12.57 hours/billion states
578000	-2045.1497  	-227.0702   	-1818.0795  	6.8844E-2   	12.57 hours/billion states
579000	-2045.3024  	-228.0689   	-1817.2334  	7.27372E-2  	12.56 hours/billion states
580000	-2041.2969  	-226.6393   	-1814.6576  	5.70452E-2  	12.56 hours/billion states
581000	-2042.7473  	-227.0544   	-1815.6929  	6.28197E-2  	12.55 hours/billion states
582000	-2043.2406  	-226.5699   	-1816.6707  	6.4349E-2   	12.54 hours/billion states
583000	-2046.0378  	-227.1138   	-1818.9241  	5.38158E-2  	12.53 hours/billion states
584000	-2042.5843  	-226.0884   	-1816.4958  	6.30005E-2  	12.53 hours/billion states
585000	-2046.5408  	-228.6058   	-1817.9350  	6.40506E-2  	12.52 hours/billion states
586000	-2044.8615  	-226.0255   	-1818.8360  	5.90829E-2  	12.52 hours/billion states
587000	-2046.5539  	-225.2085   	-1821.3455  	6.43152E-2  	12.52 hours/billion states
588000	-2041.5031  	-225.3061   	-1816.1970  	5.35746E-2  	12.51 hours/billion states
589000	-2041.2446  	-226.0225   	-1815.2221  	6.99774E-2  	12.5 hours/billion states
590000	-2045.5295  	-224.9480   	-1820.5815  	5.11611E-2  	12.49 hours/billion states
591000	-2043.4993  	-225.6182   	-1817.8811  	4.65824E-2  	12.49 hours/billion states
592000	-2041.0311  	-226.9179   	-1814.1132  	5.63879E-2  	12.49 hours/billion states
593000	-2048.0481  	-226.3629   	-1821.6852  	7.50944E-2  	12.48 hours/billion states
594000	-2043.8547  	-226.3551   	-1817.4996  	6.48115E-2  	12.48 hours/billion states
595000	-2039.8210  	-225.3720   	-1814.4490  	5.70668E-2  	12.47 hours/billion states
596000	-2041.3426  	-225.2337   	-1816.1089  	5.24004E-2  	12.46 hours/billion states
597000	-2041.1897  	-226.7003   	-1814.4894  	6.62679E-2  	12.45 hours/billion states
598000	-2042.5238  	-226.4693   	-1816.0545  	5.53072E-2  	12.44 hours/billion states
599000	-2041.0673  	-226.0774   	-1814.9899  	6.95636E-2  	12.44 hours/billion states
600000	-2042.4900  	-226.8543   	-1815.6356  	6.75028E-2  	12.43 hours/billion states
601000	-2040.7236  	-226.8932   	-1813.8304  	5.89375E-2  	12.42 hours/billion states
602000	-2041.6714  	-226.2041   	-1815.4673  	5.85127E-2  	12.42 hours/billion states
603000	-2042.8452  	-224.1210   	-1818.7242  	5.94896E-2  	12.42 hours/billion states
604000	-2042.4905  	-226.8715   	-1815.6190  	6.85336E-2  	12.41 hours/billion states
605000	-2043.9094  	-226.5528   	-1817.3566  	7.01239E-2  	12.4 hours/billion states
606000	-2040.0661  	-226.0775   	-1813.9886  	5.94257E-2  	12.4 hours/billion states
607000	-2040.6378  	-226.6203   	-1814.0174  	6.86259E-2  	12.4 hours/billion states
608000	-2041.0682  	-226.0930   	-1814.9752  	6.44087E-2  	12.4 hours/billion states
609000	-2041.9303  	-225.2947   	-1816.6356  	5.37287E-2  	12.39 hours/billion states
610000	-2044.6969  	-225.5278   	-1819.1690  	6.7111E-2   	12.37 hours/billion states
611000	-2041.3781  	-224.9399   	-1816.4383  	5.86303E-2  	12.36 hours/billion states
612000	-2050.4112  	-227.6341   	-1822.7771  	8.09672E-2  	12.35 hours/billion states
613000	-2049.0991  	-228.1163   	-1820.9828  	5.94981E-2  	12.34 hours/billion states
614000	-2047.6512  	-224.3687   	-1823.2825  	5.5923E-2   	12.34 hours/billion states
615000	-2042.3917  	-226.6995   	-1815.6921  	6.68712E-2  	12.34 hours/billion states
616000	-2043.1451  	-224.3618   	-1818.7833  	6.08369E-2  	12.33 hours/billion states
617000	-2043.5980  	-227.9395   	-1815.6585  	5.96487E-2  	12.33 hours/billion states
618000	-2046.4814  	-225.7275   	-1820.7540  	7.09313E-2  	12.32 hours/billion states
619000	-2043.4433  	-224.6476   	-1818.7957  	5.37904E-2  	12.32 hours/billion states
620000	-2041.7096  	-226.1618   	-1815.5479  	6.17075E-2  	12.31 hours/billion states
621000	-2043.1587  	-226.2338   	-1816.9249  	6.92095E-2  	12.31 hours/billion states
622000	-2043.5096  	-225.0890   	-1818.4206  	5.9348E-2   	12.3 hours/billion states
623000	-2043.2435  	-227.7108   	-1815.5327  	6.89831E-2  	12.3 hours/billion states
624000	-2042.9673  	-226.3200   	-1816.6473  	5.98025E-2  	12.29 hours/billion states
625000	-2042.5134  	-227.2307   	-1815.2827  	6.68266E-2  	12.28 hours/billion states
626000	-2043.5348  	-226.2771   	-1817.2577  	6.57191E-2  	12.27 hours/billion states
627000	-2039.3450  	-225.8571   	-1813.4879  	5.86766E-2  	12.26 hours/billion states
628000	-2040.6689  	-227.5796   	-1813.0893  	5.94864E-2  	12.26 hours/billion states
629000	-2041.9816  	-226.7791   	-1815.2025  	5.43423E-2  	12.25 hours/billion states
630000	-2042.2806  	-225.5913   	-1816.6894  	5.78095E-2  	12.24 hours/billion states
631000	-2041.5426  	-225.5049   	-1816.0377  	6.20163E-2  	12.23 hours/billion states
632000	-2039.9128  	-226.3267   	-1813.5861  	6.00143E-2  	12.22 hours/billion states
633000	-2040.4090  	-227.0937   	-1813.3153  	5.9456E-2   	12.22 hours/billion states
634000	-2047.7329  	-227.9562   	-1819.7767  	5.68502E-2  	12.21 hours/billion states
635000	-2043.5159  	-227.5694   	-1815.9465  	6.60821E-2  	12.2 hours/billion states
636000	-2040.7220  	-226.4635   	-1814.2586  	5.80975E-2  	12.2 hours/billion states
637000	-2042.1393  	-226.7290   	-1815.4103  	7.4907E-2   	12.2 hours/billion states
638000	-2052.5118  	-227.0135   	-1825.4982  	6.20208E-2  	12.21 hours/billion states
639000	-2042.8540  	-226.6105   	-1816.2435  	5.60174E-2  	12.2 hours/billion states
640000	-2040.4421  	-225.5886   	-1814.8536  	6.05728E-2  	12.2 hours/billion states
641000	-2039.4959  	-226.2535   	-1813.2424  	6.03306E-2  	12.2 hours/billion states
642000	-2039.5297  	-226.1152   	-1813.4145  	5.67307E-2  	12.19 hours/billion states
643000	-2043.9588  	-226.8857   	-1817.0730  	5.83237E-2  	12.19 hours/billion states
644000	-2045.2936  	-225.2479   	-1820.0457  	5.37501E-2  	12.18 hours/billion states
645000	-2045.3237  	-227.0039   	-1818.3198  	5.56805E-2  	12.17 hours/billion states
646000	-2039.9663  	-225.8521   	-1814.1141  	5.63053E-2  	12.16 hours/billion states
647000	-2039.2777  	-225.5310   	-1813.7467  	5.9702E-2   	12.16 hours/billion states
648000	-2043.8576  	-227.5955   	-1816.2622  	6.00071E-2  	12.15 hours/billion states
649000	-2043.2578  	-226.8967   	-1816.3611  	6.31791E-2  	12.15 hours/billion states
650000	-2043.6808  	-225.3219   	-1818.3590  	6.22141E-2  	12.15 hours/billion states
651000	-2045.8758  	-227.5139   	-1818.3619  	7.46338E-2  	12.14 hours/billion states
652000	-2046.0928  	-227.0107   	-1819.0821  	7.29413E-2  	12.14 hours/billion states
653000	-2041.8479  	-226.8482   	-1814.9997  	6.43347E-2  	12.14 hours/billion states
654000	-2042.3455  	-225.4860   	-1816.8595  	5.40026E-2  	12.14 hours/billion states
655000	-2045.7649  	-228.0486   	-1817.7163  	6.77438E-2  	12.15 hours/billion states
656000	-2040.9277  	-226.9250   	-1814.0027  	7.30003E-2  	12.14 hours/billion states
657000	-2041.9360  	-227.4450   	-1814.4911  	5.82446E-2  	12.13 hours/billion states
658000	-2041.3094  	-225.1399   	-1816.1695  	5.97011E-2  	12.13 hours/billion states
659000	-2039.0390  	-225.1789   	-1813.8601  	5.6701E-2   	12.13 hours/billion states
660000	-2043.5373  	-225.9051   	-1817.6322  	6.56923E-2  	12.13 hours/billion states
661000	-2041.6658  	-226.6831   	-1814.9827  	6.07323E-2  	12.12 hours/billion states
662000	-2045.3887  	-227.1616   	-1818.2271  	5.94137E-2  	12.11 hours/billion states
663000	-2042.5529  	-226.9436   	-1815.6094  	6.85104E-2  	12.1 hours/billion states
664000	-2040.5454  	-226.1267   	-1814.4187  	6.44182E-2  	12.09 hours/billion states
665000	-2043.5209  	-228.1471   	-1815.3738  	6.1641E-2   	12.09 hours/billion states
666000	-2041.4321  	-225.9362   	-1815.4959  	6.33701E-2  	12.09 hours/billion states
667000	-2041.3628  	-226.8331   	-1814.5297  	6.35573E-2  	12.09 hours/billion states
668000	-2040.0805  	-226.2678   	-1813.8128  	6.73227E-2  	12.08 hours/billion states
669000	-2045.0722  	-226.3282   	-1818.7440  	6.00378E-2  	12.07 hours/billion states
670000	-2044.5992  	-224.4754   	-1820.1238  	5.80771E-2  	12.07 hours/billion states
671000	-2047.4428  	-227.9386   	-1819.5043  	6.33497E-2  	12.06 hours/billion states
672000	-2045.0211  	-227.0882   	-1817.9329  	7.40001E-2  	12.07 hours/billion states
673000	-2039.2429  	-225.6634   	-1813.5796  	5.97028E-2  	12.07 hours/billion states
674000	-2040.0527  	-226.8631   	-1813.1896  	6.11212E-2  	12.06 hours/billion states
675000	-2041.7123  	-226.5864   	-1815.1258  	6.13962E-2  	12.06 hours/billion states
676000	-2040.4460  	-226.0674   	-1814.3785  	6.20426E-2  	12.05 hours/billion states
677000	-2041.1950  	-225.0976   	-1816.0974  	5.97886E-2  	12.04 hours/billion states
678000	-2045.2453  	-227.9574   	-1817.2880  	6.48937E-2  	12.04 hours/billion states
679000	-2052.1144  	-227.2458   	-1824.8686  	6.18413E-2  	12.03 hours/billion states
680000	-2041.8896  	-226.5528   	-1815.3369  	5.92362E-2  	12.05 hours/billion states
681000	-2042.0354  	-225.6066   	-1816.4288  	6.15145E-2  	12.04 hours/billion states
682000	-2042.3130  	-225.5566   	-1816.7564  	5.65957E-2  	12.04 hours/billion states
683000	-2045.4768  	-224.5825   	-1820.8943  	4.94103E-2  	12.03 hours/billion states
684000	-2042.9363  	-225.2380   	-1817.6983  	6.57325E-2  	12.02 hours/billion states
685000	-2043.6640  	-225.9893   	-1817.6747  	4.95177E-2  	12.02 hours/billion states
686000	-2040.6130  	-225.5600   	-1815.0530  	6.28777E-2  	12.02 hours/billion states
687000	-2044.7139  	-226.7458   	-1817.9681  	6.71063E-2  	12.01 hours/billion states
688000	-2043.1655  	-226.8452   	-1816.3203  	7.26783E-2  	12.01 hours/billion states
689000	-2043.2502  	-228.1417   	-1815.1085  	6.65382E-2  	12 hours/billion states
690000	-2040.9664  	-224.8450   	-1816.1213  	6.34716E-2  	11.99 hours/billion states
691000	-2045.5966  	-224.4667   	-1821.1299  	6.97786E-2  	11.98 hours/billion states
692000	-2045.3439  	-226.3166   	-1819.0273  	5.38085E-2  	11.98 hours/billion states
693000	-2045.1488  	-224.7144   	-1820.4344  	5.47597E-2  	11.97 hours/billion states
694000	-2039.8460  	-226.1496   	-1813.6964  	6.55889E-2  	11.98 hours/billion states
695000	-2041.2863  	-226.7137   	-1814.5726  	5.7521E-2   	11.98 hours/billion states
696000	-2041.3813  	-225.3323   	-1816.0490  	6.1864E-2   	11.98 hours/billion states
697000	-2042.6819  	-226.2846   	-1816.3973  	5.60364E-2  	11.98 hours/billion states
698000	-2044.4893  	-227.1638   	-1817.3255  	6.09359E-2  	11.98 hours/billion states
699000	-2041.0926  	-226.3889   	-1814.7037  	6.44557E-2  	11.98 hours/billion states
700000	-2041.7403  	-224.7303   	-1817.0100  	6.05169E-2  	11.97 hours/billion states
701000	-2043.3406  	-226.2748   	-1817.0658  	5.71898E-2  	11.96 hours/billion states
702000	-2043.1273  	-227.7790   	-1815.3483  	6.53455E-2  	11.96 hours/billion states
703000	-2044.7839  	-226.1843   	-1818.5996  	5.66314E-2  	11.95 hours/billion states
704000	-2041.6491  	-226.3817   	-1815.2673  	5.8928E-2   	11.94 hours/billion states
705000	-2043.1543  	-227.9489   	-1815.2054  	6.45004E-2  	11.94 hours/billion states
706000	-2041.0065  	-226.4367   	-1814.5698  	5.60391E-2  	11.94 hours/billion states
707000	-2044.6418  	-225.2591   	-1819.3828  	5.8096E-2   	11.93 hours/billion states
708000	-2046.6371  	-226.8768   	-1819.7603  	6.8573E-2   	11.93 hours/billion states
709000	-2042.3140  	-225.3582   	-1816.9558  	5.83196E-2  	11.93 hours/billion states
710000	-2046.2391  	-228.1274   	-1818.1117  	6.077E-2    	11.92 hours/billion states
711000	-2045.0033  	-227.7788   	-1817.2245  	5.85348E-2  	11.92 hours/billion states
712000	-2045.1602  	-225.5649   	-1819.5954  	4.88185E-2  	11.92 hours/billion states
713000	-2047.7439  	-227.3085   	-1820.4353  	5.44772E-2  	11.92 hours/billion states
714000	-2045.0939  	-226.9343   	-1818.1597  	5.75238E-2  	11.91 hours/billion states
715000	-2044.6694  	-227.7655   	-1816.9039  	7.20104E-2  	11.91 hours/billion states
716000	-2042.8603  	-227.5886   	-1815.2717  	5.87827E-2  	11.9 hours/billion states
717000	-2041.1937  	-224.7866   	-1816.4071  	5.80626E-2  	11.9 hours/billion states
718000	-2045.3612  	-227.2263   	-1818.1349  	6.57595E-2  	11.9 hours/billion states
719000	-2043.9210  	-226.9599   	-1816.9611  	5.60656E-2  	11.89 hours/billion states
720000	-2040.1163  	-226.2569   	-1813.8594  	6.30645E-2  	11.89 hours/billion states
721000	-2044.2163  	-226.0363   	-1818.1800  	6.46652E-2  	11.88 hours/billion states
722000	-2044.4708  	-226.3044   	-1818.1664  	6.02559E-2  	11.88 hours/billion states
723000	-2044.5356  	-226.0847   	-1818.4508  	5.61907E-2  	11.87 hours/billion states
724000	-2044.4259  	-226.1864   	-1818.2395  	6.07655E-2  	11.86 hours/billion states
725000	-2043.1457  	-224.9705   	-1818.1752  	5.97101E-2  	11.86 hours/billion states
726000	-2045.7778  	-225.7921   	-1819.9857  	5.80506E-2  	11.86 hours/billion states
727000	-2041.7530  	-225.0569   	-1816.6961  	6.08867E-2  	11.87 hours/billion states
728000	-2044.3308  	-224.8233   	-1819.5074  	5.61121E-2  	11.87 hours/billion states
729000	-2043.1932  	-227.8300   	-1815.3632  	6.5866E-2   	11.86 hours/billion states
730000	-2042.4008  	-225.3898   	-1817.0110  	6.32213E-2  	11.86 hours/billion states
731000	-2045.5862  	-224.3956   	-1821.1906  	5.96105E-2  	11.85 hours/billion states
732000	-2044.6783  	-225.5555   	-1819.1228  	6.11738E-2  	11.85 hours/billion states
733000	-2044.4336  	-225.7299   	-1818.7036  	5.24777E-2  	11.85 hours/billion states
734000	-2040.6053  	-225.0732   	-1815.5321  	5.89398E-2  	11.84 hours/billion states
735000	-2040.5646  	-226.8267   	-1813.7379  	6.40519E-2  	11.83 hours/billion states
736000	-2040.8414  	-225.6857   	-1815.1557  	5.90544E-2  	11.82 hours/billion states
737000	-2040.9335  	-226.4557   	-1814.4778  	6.40535E-2  	11.82 hours/billion states
738000	-2041.1333  	-225.9217   	-1815.2115  	6.65158E-2  	11.82 hours/billion states
739000	-2040.0277  	-226.0211   	-1814.0066  	5.92936E-2  	11.82 hours/billion states
740000	-2042.0862  	-226.5867   	-1815.4995  	6.60634E-2  	11.82 hours/billion states
741000	-2042.7122  	-225.7130   	-1816.9992  	6.07538E-2  	11.82 hours/billion states
742000	-2043.9651  	-227.2792   	-1816.6858  	7.0744E-2   	11.81 hours/billion states
743000	-2046.0177  	-224.7510   	-1821.2667  	6.8936E-2   	11.81 hours/billion states
744000	-2041.8925  	-227.6030   	-1814.2895  	6.63173E-2  	11.81 hours/billion states
745000	-2042.2144  	-225.7585   	-1816.4559  	5.98525E-2  	11.8 hours/billion states
746000	-2040.8653  	-225.8554   	-1815.0099  	6.58687E-2  	11.8 hours/billion states
747000	-2042.3052  	-226.2163   	-1816.0889  	5.37249E-2  	11.79 hours/billion states
748000	-2040.4832  	-226.7688   	-1813.7144  	6.84355E-2  	11.79 hours/billion states
749000	-2040.6798  	-226.7345   	-1813.9452  	6.66223E-2  	11.78 hours/billion states
750000	-2040.6978  	-225.6809   	-1815.0169  	6.49417E-2  	11.77 hours/billion states
751000	-2042.0100  	-227.3062   	-1814.7038  	5.23139E-2  	11.78 hours/billion states
752000	-2041.0698  	-225.4969   	-1815.5729  	6.05324E-2  	11.78 hours/billion states
753000	-2040.1131  	-226.1634   	-1813.9497  	5.71252E-2  	11.78 hours/billion states
754000	-2039.8378  	-226.6421   	-1813.1957  	6.01869E-2  	11.78 hours/billion states
755000	-2049.0460  	-227.8622   	-1821.1839  	7.38668E-2  	11.79 hours/billion states
756000	-2040.9513  	-227.1003   	-1813.8510  	6.11106E-2  	11.79 hours/billion states
757000	-2042.2136  	-225.1026   	-1817.1110  	6.61541E-2  	11.78 hours/billion states
758000	-2041.1117  	-225.8222   	-1815.2895  	6.13053E-2  	11.78 hours/billion states
759000	-2044.8324  	-227.7387   	-1817.0937  	6.43321E-2  	11.77 hours/billion states
760000	-2040.7084  	-225.7516   	-1814.9568  	6.15734E-2  	11.76 hours/billion states
761000	-2043.0916  	-225.2678   	-1817.8238  	5.44974E-2  	11.76 hours/billion states
762000	-2046.1209  	-227.5765   	-1818.5444  	6.64946E-2  	11.76 hours/billion states
763000	-2042.7804  	-225.0553   	-1817.7251  	5.85366E-2  	11.76 hours/billion states
764000	-2043.9813  	-226.6008   	-1817.3805  	6.83132E-2  	11.76 hours/billion states
765000	-2042.6471  	-227.0291   	-1815.6179  	5.53472E-2  	11.76 hours/billion states
766000	-2042.2405  	-225.2689   	-1816.9716  	5.65269E-2  	11.75 hours/billion states
767000	-2044.9713  	-227.2158   	-1817.7555  	6.57618E-2  	11.75 hours/billion states
768000	-2044.3133  	-228.0205   	-1816.2928  	6.9757E-2   	11.75 hours/billion states
769000	-2044.0265  	-228.0967   	-1815.9298  	7.02118E-2  	11.75 hours/billion states
770000	-2044.1262  	-227.6802   	-1816.4460  	6.68859E-2  	11.75 hours/billion states
771000	-2043.0310  	-226.6650   	-1816.3661  	5.06004E-2  	11.74 hours/billion states
772000	-2042.4777  	-226.5877   	-1815.8900  	6.35653E-2  	11.73 hours/billion states
773000	-2042.3191  	-225.3404   	-1816.9787  	6.11928E-2  	11.73 hours/billion states
774000	-2044.1564  	-226.3743   	-1817.7821  	5.54823E-2  	11.73 hours/billion states
775000	-2042.8655  	-224.9508   	-1817.9147  	5.51722E-2  	11.73 hours/billion states
776000	-2041.6538  	-227.2048   	-1814.4490  	6.68275E-2  	11.73 hours/billion states
777000	-2041.7755  	-226.4868   	-1815.2887  	6.44685E-2  	11.72 hours/billion states
778000	-2041.2229  	-225.1769   	-1816.0460  	5.88588E-2  	11.71 hours/billion states
779000	-2042.7234  	-225.1845   	-1817.5389  	5.4956E-2   	11.71 hours/billion states
780000	-2048.9993  	-229.0028   	-1819.9965  	6.08352E-2  	11.7 hours/billion states
781000	-2040.1504  	-224.8520   	-1815.2984  	5.52895E-2  	11.71 hours/billion states
782000	-2042.8346  	-225.5347   	-1817.3000  	4.82118E-2  	11.7 hours/billion states
783000	-2042.3596  	-226.3708   	-1815.9887  	5.23247E-2  	11.7 hours/billion states
784000	-2040.5938  	-225.9192   	-1814.6745  	6.49009E-2  	11.7 hours/billion states
785000	-2041.1624  	-227.3610   	-1813.8014  	6.42448E-2  	11.7 hours/billion states
786000	-2041.6953  	-226.5178   	-1815.1775  	6.67356E-2  	11.69 hours/billion states
787000	-2041.9749  	-225.9342   	-1816.0407  	5.70516E-2  	11.69 hours/billion states
788000	-2041.8712  	-226.3517   	-1815.5195  	6.59527E-2  	11.69 hours/billion states
789000	-2043.7391  	-225.4238   	-1818.3153  	4.86449E-2  	11.69 hours/billion states
790000	-2044.6891  	-227.3232   	-1817.3659  	6.00393E-2  	11.68 hours/billion states
791000	-2041.7061  	-225.4632   	-1816.2430  	5.45871E-2  	11.67 hours/billion states
792000	-2041.5210  	-226.3191   	-1815.2019  	6.76734E-2  	11.67 hours/billion states
793000	-2042.2910  	-228.7874   	-1813.5036  	7.10432E-2  	11.66 hours/billion states
794000	-2042.4315  	-226.4821   	-1815.9494  	6.44829E-2  	11.66 hours/billion states
795000	-2043.6752  	-225.6946   	-1817.9806  	6.4142E-2   	11.66 hours/billion states
796000	-2040.8812  	-224.6492   	-1816.2320  	5.37269E-2  	11.66 hours/billion states
797000	-2045.8985  	-225.7136   	-1820.1850  	5.27609E-2  	11.65 hours/billion states
798000	-2040.1496  	-225.7822   	-1814.3674  	5.71412E-2  	11.65 hours/billion states
799000	-2044.2832  	-227.3846   	-1816.8986  	5.60652E-2  	11.65 hours/billion states
800000	-2041.5562  	-226.8488   	-1814.7074  	6.27875E-2  	11.65 hours/billion states
801000	-2044.7229  	-226.9440   	-1817.7789  	5.94208E-2  	11.64 hours/billion states
802000	-2043.6437  	-226.7003   	-1816.9434  	5.36591E-2  	11.64 hours/billion states
803000	-2046.6448  	-227.0948   	-1819.5500  	6.72573E-2  	11.64 hours/billion states
804000	-2041.3754  	-225.7196   	-1815.6557  	6.21254E-2  	11.63 hours/billion states
805000	-2045.4881  	-226.3975   	-1819.0906  	5.41195E-2  	11.62 hours/billion states
806000	-2043.4686  	-227.3737   	-1816.0950  	6.26417E-2  	11.62 hours/billion states
807000	-2042.1291  	-224.9348   	-1817.1942  	6.82804E-2  	11.61 hours/billion states
808000	-2046.2345  	-226.8365   	-1819.3979  	7.90621E-2  	11.61 hours/billion states
809000	-2045.5926  	-225.2972   	-1820.2954  	6.6397E-2   	11.61 hours/billion states
810000	-2042.9382  	-224.5926   	-1818.3456  	5.10854E-2  	11.61 hours/billion states
811000	-2041.5249  	-225.9825   	-1815.5424  	6.10003E-2  	11.6 hours/billion states
812000	-2045.0456  	-227.2078   	-1817.8378  	5.49498E-2  	11.6 hours/billion states
813000	-2047.3746  	-228.3793   	-1818.9953  	7.28586E-2  	11.59 hours/billion states
814000	-2043.5662  	-226.0078   	-1817.5584  	5.35002E-2  	11.59 hours/billion states
815000	-2045.4401  	-224.5934   	-1820.8468  	5.13022E-2  	11.59 hours/billion states
816000	-2044.1909  	-225.2430   	-1818.9479  	5.00522E-2  	11.59 hours/billion states
817000	-2041.2647  	-226.5279   	-1814.7368  	5.40761E-2  	11.59 hours/billion states
818000	-2048.8027  	-227.7465   	-1821.0562  	6.94643E-2  	11.59 hours/billion states
819000	-2043.7451  	-227.0550   	-1816.6902  	6.82019E-2  	11.58 hours/billion states
820000	-2044.0494  	-226.6174   	-1817.4320  	5.61622E-2  	11.58 hours/billion states
821000	-2041.0671  	-225.7863   	-1815.2808  	6.04731E-2  	11.58 hours/billion states
822000	-2045.8503  	-228.7423   	-1817.1080  	6.50187E-2  	11.58 hours/billion states
823000	-2042.5283  	-226.5102   	-1816.0181  	5.53723E-2  	11.58 hours/billion states
824000	-2047.6667  	-230.8692   	-1816.7975  	7.6919E-2   	11.58 hours/billion states
825000	-2042.0973  	-227.7791   	-1814.3182  	6.52472E-2  	11.57 hours/billion states
826000	-2042.3207  	-224.7490   	-1817.5717  	6.15382E-2  	11.57 hours/billion states
827000	-2047.5847  	-228.4430   	-1819.1417  	6.81088E-2  	11.56 hours/billion states
828000	-2040.6708  	-226.1257   	-1814.5451  	5.54189E-2  	11.56 hours/billion states
829000	-2049.8884  	-225.0838   	-1824.8047  	6.00044E-2  	11.56 hours/billion states
830000	-2039.5388  	-225.6745   	-1813.8643  	6.17473E-2  	11.56 hours/billion states
831000	-2043.7516  	-227.4872   	-1816.2644  	6.23985E-2  	11.55 hours/billion states
832000	-2045.0915  	-226.8760   	-1818.2155  	5.62015E-2  	11.55 hours/billion states
833000	-2042.4380  	-226.9211   	-1815.5169  	6.35876E-2  	11.55 hours/billion states
834000	-2043.9293  	-227.5299   	-1816.3994  	6.66707E-2  	11.54 hours/billion states
835000	-2043.7843  	-226.9783   	-1816.8059  	6.24392E-2  	11.54 hours/billion states
836000	-2043.1656  	-227.7983   	-1815.3673  	6.36579E-2  	11.54 hours/billion states
837000	-2044.0260  	-225.5162   	-1818.5097  	7.17222E-2  	11.53 hours/billion states
838000	-2041.5267  	-226.8811   	-1814.6456  	6.71162E-2  	11.53 hours/billion states
839000	-2043.3206  	-226.7461   	-1816.5746  	6.60383E-2  	11.52 hours/billion states
840000	-2040.6726  	-226.5385   	-1814.1341  	6.40582E-2  	11.52 hours/billion states
841000	-2041.9698  	-227.4183   	-1814.5514  	5.50054E-2  	11.52 hours/billion states
842000	-2045.9297  	-227.8083   	-1818.1214  	6.49708E-2  	11.51 hours/billion states
843000	-2043.0950  	-227.5702   	-1815.5248  	6.65899E-2  	11.52 hours/billion states
844000	-2041.3425  	-226.3267   	-1815.0158  	6.77303E-2  	11.52 hours/billion states
845000	-2041.1838  	-226.7477   	-1814.4361  	6.43701E-2  	11.52 hours/billion states
846000	-2041.5806  	-225.0179   	-1816.5627  	5.89805E-2  	11.52 hours/billion states
847000	-2046.2581  	-223.9376   	-1822.3205  	5.7849E-2   	11.51 hours/billion states
848000	-2044.0130  	-226.4344   	-1817.5786  	6.1059E-2   	11.51 hours/billion states
849000	-2044.7160  	-225.2168   	-1819.4992  	6.0697E-2   	11.51 hours/billion states
850000	-2039.9371  	-224.7607   	-1815.1764  	5.79126E-2  	11.5 hours/billion states
851000	-2042.4607  	-227.2749   	-1815.1859  	5.66903E-2  	11.5 hours/billion states
852000	-2041.2018  	-227.0805   	-1814.1212  	6.25964E-2  	11.49 hours/billion states
853000	-2040.1584  	-225.7147   	-1814.4437  	6.39856E-2  	11.49 hours/billion states
854000	-2047.2335  	-227.2329   	-1820.0006  	5.06195E-2  	11.49 hours/billion states
855000	-2041.5715  	-226.3623   	-1815.2092  	6.50299E-2  	11.49 hours/billion states
856000	-2043.2984  	-226.0449   	-1817.2535  	5.8747E-2   	11.49 hours/billion states
857000	-2040.3253  	-226.4819   	-1813.8434  	6.14484E-2  	11.48 hours/billion states
858000	-2045.4303  	-227.3743   	-1818.0560  	7.63878E-2  	11.48 hours/billion states
859000	-2042.7664  	-226.1517   	-1816.6148  	6.56135E-2  	11.47 hours/billion states
860000	-2043.3737  	-227.3948   	-1815.9789  	5.60326E-2  	11.48 hours/billion states
861000	-2040.8042  	-225.2810   	-1815.5232  	5.99961E-2  	11.48 hours/billion states
862000	-2042.1537  	-225.8270   	-1816.3267  	6.38461E-2  	11.48 hours/billion states
863000	-2044.9737  	-225.3512   	-1819.6225  	5.90327E-2  	11.47 hours/billion states
864000	-2046.8085  	-226.2403   	-1820.5682  	6.42661E-2  	11.47 hours/billion states
865000	-2044.4892  	-224.9816   	-1819.5076  	5.58555E-2  	11.47 hours/billion states
866000	-2047.3781  	-228.6881   	-1818.6901  	6.32762E-2  	11.47 hours/billion states
867000	-2042.2441  	-226.6413   	-1815.6028  	6.5502E-2   	11.47 hours/billion states
868000	-2041.9530  	-225.8785   	-1816.0746  	5.82916E-2  	11.47 hours/billion states
869000	-2040.8916  	-226.2610   	-1814.6306  	6.92692E-2  	11.46 hours/billion states
870000	-2045.6434  	-226.1172   	-1819.5262  	7.03224E-2  	11.45 hours/billion states
871000	-2044.7149  	-227.1291   	-1817.5858  	6.3714E-2   	11.45 hours/billion states
872000	-2041.9142  	-226.3205   	-1815.5937  	6.33019E-2  	11.45 hours/billion states
873000	-2039.7867  	-225.4962   	-1814.2905  	6.29458E-2  	11.45 hours/billion states
874000	-2041.6094  	-225.6165   	-1815.9929  	6.19071E-2  	11.45 hours/billion states
875000	-2043.1888  	-227.5280   	-1815.6608  	5.49967E-2  	11.45 hours/billion states
876000	-2042.4773  	-225.1563   	-1817.3210  	5.12752E-2  	11.45 hours/billion states
877000	-2043.5646  	-225.2419   	-1818.3228  	6.15384E-2  	11.45 hours/billion states
878000	-2044.3162  	-226.4870   	-1817.8292  	5.81121E-2  	11.45 hours/billion states
879000	-2044.2827  	-225.2963   	-1818.9864  	4.67603E-2  	11.45 hours/billion states
880000	-2041.1693  	-226.7998   	-1814.3695  	6.13306E-2  	11.45 hours/billion states
881000	-2042.3582  	-227.2368   	-1815.1214  	7.24219E-2  	11.45 hours/billion states
882000	-2041.8665  	-226.1205   	-1815.7459  	5.46847E-2  	11.44 hours/billion states
883000	-2041.4303  	-225.5959   	-1815.8344  	5.98726E-2  	11.44 hours/billion states
884000	-2040.8019  	-226.1374   	-1814.6645  	6.22822E-2  	11.44 hours/billion states
885000	-2044.4388  	-226.9058   	-1817.5330  	6.18367E-2  	11.45 hours/billion states
886000	-2043.9152  	-227.4118   	-1816.5034  	5.82719E-2  	11.45 hours/billion states
887000	-2042.7622  	-227.0395   	-1815.7226  	5.25465E-2  	11.45 hours/billion states
888000	-2043.2807  	-226.7312   	-1816.5495  	6.54042E-2  	11.45 hours/billion states
889000	-2046.5150  	-225.4781   	-1821.0369  	5.30345E-2  	11.45 hours/billion states
890000	-2046.9119  	-226.2675   	-1820.6444  	6.49087E-2  	11.45 hours/billion states
891000	-2047.0578  	-229.1401   	-1817.9177  	7.02946E-2  	11.44 hours/billion states
892000	-2042.7228  	-226.8656   	-1815.8571  	7.43792E-2  	11.44 hours/billion states
893000	-2042.4950  	-224.8755   	-1817.6195  	6.78095E-2  	11.43 hours/billion states
894000	-2045.0422  	-228.0397   	-1817.0025  	7.68259E-2  	11.43 hours/billion states
895000	-2049.4884  	-226.4978   	-1822.9906  	6.09096E-2  	11.43 hours/billion states
896000	-2040.5350  	-225.8053   	-1814.7297  	5.50107E-2  	11.43 hours/billion states
897000	-2047.1074  	-226.6142   	-1820.4931  	5.20446E-2  	11.43 hours/billion states
898000	-2046.4683  	-226.6166   	-1819.8517  	5.81741E-2  	11.42 hours/billion states
899000	-2044.3262  	-227.1839   	-1817.1424  	6.43986E-2  	11.42 hours/billion states
900000	-2045.2661  	-227.6916   	-1817.5745  	6.37831E-2  	11.42 hours/billion states
901000	-2042.8831  	-224.4511   	-1818.4320  	5.06227E-2  	11.42 hours/billion states
902000	-2041.1729  	-225.5779   	-1815.5950  	5.7109E-2   	11.42 hours/billion states
903000	-2040.2470  	-227.0398   	-1813.2073  	6.73747E-2  	11.42 hours/billion states
904000	-2041.4628  	-226.1919   	-1815.2710  	6.59266E-2  	11.42 hours/billion states
905000	-2043.9850  	-229.1961   	-1814.7889  	5.78376E-2  	11.41 hours/billion states
906000	-2046.6589  	-227.5483   	-1819.1105  	6.46851E-2  	11.42 hours/billion states
907000	-2045.7457  	-228.0637   	-1817.6819  	6.04877E-2  	11.41 hours/billion states
908000	-2042.7621  	-225.8846   	-1816.8775  	5.33213E-2  	11.41 hours/billion states
909000	-2047.3333  	-226.4597   	-1820.8736  	5.77224E-2  	11.41 hours/billion states
910000	-2041.3535  	-225.7825   	-1815.5709  	5.25305E-2  	11.41 hours/billion states
911000	-2040.5852  	-226.4074   	-1814.1779  	5.81495E-2  	11.4 hours/billion states
912000	-2041.3036  	-225.6270   	-1815.6765  	6.24022E-2  	11.4 hours/billion states
913000	-2042.5881  	-227.5874   	-1815.0007  	6.29282E-2  	11.4 hours/billion states
914000	-2044.4129  	-227.5000   	-1816.9129  	6.25524E-2  	11.4 hours/billion states
915000	-2045.5110  	-227.9573   	-1817.5537  	6.19669E-2  	11.4 hours/billion states
916000	-2043.2154  	-226.1419   	-1817.0735  	6.83206E-2  	11.4 hours/billion states
917000	-2039.2396  	-225.1430   	-1814.0966  	5.79469E-2  	11.39 hours/billion states
918000	-2046.6919  	-225.4906   	-1821.2013  	6.70214E-2  	11.39 hours/billion states
919000	-2043.4874  	-226.8160   	-1816.6714  	6.82278E-2  	11.39 hours/billion states
920000	-2040.3495  	-226.2568   	-1814.0927  	6.24418E-2  	11.39 hours/billion states
921000	-2042.8307  	-228.5654   	-1814.2653  	5.83058E-2  	11.38 hours/billion states
922000	-2043.2344  	-227.1699   	-1816.0645  	5.93847E-2  	11.38 hours/billion states
923000	-2049.8763  	-227.3950   	-1822.4813  	5.73005E-2  	11.38 hours/billion states
924000	-2046.7184  	-227.5571   	-1819.1613  	5.56027E-2  	11.37 hours/billion states
925000	-2044.0303  	-225.8126   	-1818.2176  	5.92455E-2  	11.37 hours/billion states
926000	-2043.0221  	-226.6721   	-1816.3500  	5.91922E-2  	11.36 hours/billion states
927000	-2043.3004  	-225.2516   	-1818.0488  	5.48224E-2  	11.36 hours/billion states
928000	-2041.6353  	-227.1408   	-1814.4945  	6.61578E-2  	11.36 hours/billion states
929000	-2044.9137  	-226.6031   	-1818.3106  	6.54206E-2  	11.37 hours/billion states
930000	-2043.0602  	-224.9918   	-1818.0684  	6.33607E-2  	11.37 hours/billion states
931000	-2041.1463  	-226.0349   	-1815.1114  	6.5273E-2   	11.37 hours/billion states
932000	-2045.5788  	-229.6423   	-1815.9365  	5.27068E-2  	11.37 hours/billion states
933000	-2042.7541  	-227.6191   	-1815.1350  	7.23866E-2  	11.36 hours/billion states
934000	-2042.9068  	-225.2359   	-1817.6709  	5.31214E-2  	11.36 hours/billion states
935000	-2042.4012  	-226.5545   	-1815.8467  	6.65364E-2  	11.36 hours/billion states
936000	-2044.1289  	-225.5877   	-1818.5412  	5.79503E-2  	11.35 hours/billion states
937000	-2043.2781  	-225.2414   	-1818.0367  	6.03669E-2  	11.35 hours/billion states
938000	-2042.2698  	-226.5724   	-1815.6974  	6.7063E-2   	11.35 hours/billion states
939000	-2040.2502  	-226.6509   	-1813.5993  	5.8398E-2   	11.35 hours/billion states
940000	-2044.6130  	-226.3830   	-1818.2300  	6.75333E-2  	11.35 hours/billion states
941000	-2046.1709  	-227.0372   	-1819.1338  	5.42064E-2  	11.34 hours/billion states
942000	-2042.3676  	-225.2883   	-1817.0794  	5.43844E-2  	11.34 hours/billion states
943000	-2044.2421  	-225.8909   	-1818.3512  	6.79751E-2  	11.34 hours/billion states
944000	-2046.6169  	-228.9194   	-1817.6975  	5.29771E-2  	11.34 hours/billion states
945000	-2041.1496  	-225.8202   	-1815.3294  	7.02571E-2  	11.35 hours/billion states
946000	-2042.0450  	-225.8459   	-1816.1991  	6.2265E-2   	11.34 hours/billion states
947000	-2042.5774  	-226.8973   	-1815.6801  	6.05533E-2  	11.34 hours/billion states
948000	-2040.7206  	-225.5639   	-1815.1567  	5.88087E-2  	11.34 hours/billion states
949000	-2047.1131  	-228.1949   	-1818.9182  	6.33384E-2  	11.33 hours/billion states
950000	-2043.8278  	-226.1355   	-1817.6924  	6.4372E-2   	11.33 hours/billion states
951000	-2041.9299  	-225.3356   	-1816.5943  	5.05591E-2  	11.33 hours/billion states
952000	-2043.8495  	-225.9972   	-1817.8523  	6.71362E-2  	11.33 hours/billion states
953000	-2043.7395  	-226.4267   	-1817.3127  	6.88348E-2  	11.33 hours/billion states
954000	-2040.5044  	-226.5976   	-1813.9068  	6.40269E-2  	11.32 hours/billion states
955000	-2043.5343  	-226.3119   	-1817.2223  	6.30347E-2  	11.32 hours/billion states
956000	-2047.0913  	-227.5286   	-1819.5627  	6.52204E-2  	11.31 hours/billion states
957000	-2044.9295  	-225.4766   	-1819.4529  	5.56907E-2  	11.31 hours/billion states
958000	-2041.9704  	-226.4137   	-1815.5567  	6.84039E-2  	11.3 hours/billion states
959000	-2043.2465  	-227.2130   	-1816.0335  	7.24437E-2  	11.31 hours/billion states
960000	-2043.3861  	-227.9151   	-1815.4710  	6.1812E-2   	11.31 hours/billion states
961000	-2043.8177  	-225.6943   	-1818.1234  	5.58716E-2  	11.31 hours/billion states
962000	-2043.3027  	-226.0999   	-1817.2028  	7.32502E-2  	11.31 hours/billion states
963000	-2043.7033  	-225.3552   	-1818.3481  	5.59443E-2  	11.3 hours/billion states
964000	-2040.7873  	-226.1793   	-1814.6080  	5.59297E-2  	11.3 hours/billion states
965000	-2050.3143  	-227.6829   	-1822.6314  	5.29105E-2  	11.3 hours/billion states
966000	-2042.3483  	-225.8647   	-1816.4836  	5.88306E-2  	11.3 hours/billion states
967000	-2044.0728  	-225.1790   	-1818.8938  	6.27923E-2  	11.3 hours/billion states
968000	-2044.3668  	-226.2343   	-1818.1325  	7.14682E-2  	11.29 hours/billion states
969000	-2044.7995  	-226.8591   	-1817.9404  	6.19441E-2  	11.29 hours/billion states
970000	-2040.0485  	-225.7135   	-1814.3349  	6.1829E-2   	11.29 hours/billion states
971000	-2045.5201  	-227.1194   	-1818.4007  	6.4482E-2   	11.28 hours/billion states
972000	-2042.0086  	-227.1575   	-1814.8511  	6.3549E-2   	11.28 hours/billion states
973000	-2045.2418  	-226.7573   	-1818.4845  	6.27267E-2  	11.29 hours/billion states
974000	-2045.9801  	-226.0180   	-1819.9620  	5.90361E-2  	11.29 hours/billion states
975000	-2042.5058  	-226.6530   	-1815.8528  	6.22846E-2  	11.28 hours/billion states
976000	-2042.6451  	-226.0000   	-1816.6451  	5.90826E-2  	11.28 hours/billion states
977000	-2040.7623  	-226.9102   	-1813.8522  	6.38537E-2  	11.28 hours/billion states
978000	-2042.6807  	-226.3408   	-1816.3398  	6.7716E-2   	11.28 hours/billion states
979000	-2039.8583  	-224.8331   	-1815.0253  	5.99601E-2  	11.28 hours/billion states
980000	-2040.0042  	-226.3659   	-1813.6383  	6.71899E-2  	11.27 hours/billion states
981000	-2040.8682  	-226.1957   	-1814.6725  	6.08646E-2  	11.27 hours/billion states
982000	-2042.1605  	-225.3450   	-1816.8155  	6.053E-2    	11.26 hours/billion states
983000	-2046.3071  	-227.8597   	-1818.4474  	7.12184E-2  	11.26 hours/billion states
984000	-2042.0071  	-226.3929   	-1815.6142  	6.14757E-2  	11.26 hours/billion states
985000	-2046.6651  	-228.5448   	-1818.1203  	6.97088E-2  	11.26 hours/billion states
986000	-2043.8490  	-225.5733   	-1818.2757  	5.25672E-2  	11.26 hours/billion states
987000	-2044.2343  	-226.2125   	-1818.0218  	6.17378E-2  	11.27 hours/billion states
988000	-2044.0624  	-225.7673   	-1818.2951  	6.53458E-2  	11.26 hours/billion states
989000	-2046.1971  	-226.5180   	-1819.6791  	6.83321E-2  	11.26 hours/billion states
990000	-2042.7426  	-225.9427   	-1816.7999  	5.99737E-2  	11.27 hours/billion states
991000	-2042.7640  	-227.1474   	-1815.6165  	6.08691E-2  	11.27 hours/billion states
992000	-2046.0866  	-226.6477   	-1819.4389  	5.76179E-2  	11.27 hours/billion states
993000	-2043.2141  	-226.9945   	-1816.2196  	6.93168E-2  	11.26 hours/billion states
994000	-2042.8336  	-226.8611   	-1815.9725  	6.78272E-2  	11.26 hours/billion states
995000	-2044.0265  	-227.1010   	-1816.9255  	5.98269E-2  	11.27 hours/billion states
996000	-2041.6364  	-225.0546   	-1816.5818  	5.58888E-2  	11.27 hours/billion states
997000	-2046.3378  	-227.5622   	-1818.7756  	5.96169E-2  	11.27 hours/billion states
998000	-2039.9261  	-226.1422   	-1813.7839  	5.96151E-2  	11.27 hours/billion states
999000	-2047.3466  	-227.6691   	-1819.6775  	6.41662E-2  	11.27 hours/billion states
1000000	-2040.3296  	-225.5095   	-1814.8201  	5.74639E-2  	11.27 hours/billion states

Operator analysis
Operator                                          Tuning   Count      Time     Time/Op  Pr(accept) 
scale(kappa)                                      0.239   13605      621      0.05     0.2453      
frequencies                                       0.105   13530      722      0.05     0.2398      
subtreeSlide(treeModel)                           0.025   202546     5651     0.03     0.2313      
Narrow Exchange(treeModel)                                203114     7020     0.03     0.0547      
Wide Exchange(treeModel)                                  40112      623      0.02     0.0099      
wilsonBalding(treeModel)                                  40753      848      0.02     0.0053      
scale(treeModel.rootHeight)                       0.148   40635      1192     0.03     0.2406      
uniform(nodeHeights(treeModel))                           404956     13096    0.03     0.385       
scale(yule.birthRate)                             0.126   40749      305      0.01     0.2392      

41.987 seconds


Process finished with exit code 0
